[1.727s] Invoking command in '/home/manar/turtlebot4_ws/build/turtlebot4_python_tutorials': PYTHONPATH=/home/manar/turtlebot4_ws/build/turtlebot4_python_tutorials/prefix_override:/usr/lib/python3/dist-packages/colcon_core/task/python/colcon_distutils_commands:/home/manar/turtlebot4_ws/install/turtlebot4_python_tutorials/lib/python3.10/site-packages:${PYTHONPATH} /usr/bin/python3 -W ignore:setup.py install is deprecated -W ignore:easy_install command is deprecated setup.py develop --editable --build-directory /home/manar/turtlebot4_ws/build/turtlebot4_python_tutorials/build --no-deps symlink_data
[2.395s] running develop
[2.829s] running egg_info
[2.829s] creating turtlebot4_python_tutorials.egg-info
[2.829s] writing turtlebot4_python_tutorials.egg-info/PKG-INFO
[2.831s] writing dependency_links to turtlebot4_python_tutorials.egg-info/dependency_links.txt
[2.831s] writing entry points to turtlebot4_python_tutorials.egg-info/entry_points.txt
[2.831s] writing requirements to turtlebot4_python_tutorials.egg-info/requires.txt
[2.831s] writing top-level names to turtlebot4_python_tutorials.egg-info/top_level.txt
[2.833s] writing manifest file 'turtlebot4_python_tutorials.egg-info/SOURCES.txt'
[2.841s] reading manifest file 'turtlebot4_python_tutorials.egg-info/SOURCES.txt'
[2.841s] writing manifest file 'turtlebot4_python_tutorials.egg-info/SOURCES.txt'
[2.845s] running build_ext
[2.845s] Creating /home/manar/turtlebot4_ws/install/turtlebot4_python_tutorials/lib/python3.10/site-packages/turtlebot4-python-tutorials.egg-link (link to .)
[2.847s] Installing turtlebot4_first_python_node script to /home/manar/turtlebot4_ws/install/turtlebot4_python_tutorials/lib/turtlebot4_python_tutorials
[2.849s] 
[2.849s] Installed /home/manar/turtlebot4_ws/build/turtlebot4_python_tutorials
[2.849s] running symlink_data
[2.849s] creating /home/manar/turtlebot4_ws/install/turtlebot4_python_tutorials/share/ament_index
[2.849s] creating /home/manar/turtlebot4_ws/install/turtlebot4_python_tutorials/share/ament_index/resource_index
[2.850s] creating /home/manar/turtlebot4_ws/install/turtlebot4_python_tutorials/share/ament_index/resource_index/packages
[2.850s] symbolically linking /home/manar/turtlebot4_ws/build/turtlebot4_python_tutorials/resource/turtlebot4_python_tutorials -> /home/manar/turtlebot4_ws/install/turtlebot4_python_tutorials/share/ament_index/resource_index/packages
[2.850s] symbolically linking /home/manar/turtlebot4_ws/build/turtlebot4_python_tutorials/package.xml -> /home/manar/turtlebot4_ws/install/turtlebot4_python_tutorials/share/turtlebot4_python_tutorials
[2.925s] Invoked command in '/home/manar/turtlebot4_ws/build/turtlebot4_python_tutorials' returned '0': PYTHONPATH=/home/manar/turtlebot4_ws/build/turtlebot4_python_tutorials/prefix_override:/usr/lib/python3/dist-packages/colcon_core/task/python/colcon_distutils_commands:/home/manar/turtlebot4_ws/install/turtlebot4_python_tutorials/lib/python3.10/site-packages:${PYTHONPATH} /usr/bin/python3 -W ignore:setup.py install is deprecated -W ignore:easy_install command is deprecated setup.py develop --editable --build-directory /home/manar/turtlebot4_ws/build/turtlebot4_python_tutorials/build --no-deps symlink_data
