[0.023s] Invoking command in '/home/manar/turtlebot4_ws/src/build/turtlebot4_ignition_gui_plugins': CMAKE_PREFIX_PATH=/opt/ros/humble /usr/bin/cmake /home/manar/turtlebot4_ws/src/turtlebot4_simulator/turtlebot4_ignition_gui_plugins -DCMAKE_INSTALL_PREFIX=/home/manar/turtlebot4_ws/src/install/turtlebot4_ignition_gui_plugins
[0.217s] -- The C compiler identification is GNU 11.4.0
[0.218s] -- The CXX compiler identification is GNU 11.4.0
[0.218s] -- Detecting C compiler ABI info
[0.218s] -- Detecting C compiler ABI info - done
[0.218s] -- Check for working C compiler: /usr/bin/cc - skipped
[0.218s] -- Detecting C compile features
[0.218s] -- Detecting C compile features - done
[0.218s] -- Detecting CXX compiler ABI info
[0.218s] -- Detecting CXX compiler ABI info - done
[0.218s] -- Check for working CXX compiler: /usr/bin/c++ - skipped
[0.218s] -- Detecting CXX compile features
[0.219s] -- Detecting CXX compile features - done
[0.220s] -- Found ament_cmake: 1.3.11 (/opt/ros/humble/share/ament_cmake/cmake)
[0.324s] -- Found Python3: /usr/bin/python3 (found version "3.10.12") found components: Interpreter 
[0.396s] -- Found ament_lint_auto: 0.12.11 (/opt/ros/humble/share/ament_lint_auto/cmake)
[0.524s] -- Looking for ignition-gui6 -- found version 6.8.0
[0.530s] -- Searching for dependencies of ignition-gui6
[0.645s] -- Found Protobuf: /usr/lib/x86_64-linux-gnu/libprotobuf.so (found suitable version "3.12.4", minimum required is "3") 
[0.649s] -- Checking for module 'tinyxml2'
[0.657s] --   Found tinyxml2, version 9.0.0
[0.676s] -- Looking for ignition-math6 -- found version 6.15.1
[0.676s] -- Searching for dependencies of ignition-math6
[0.679s] -- Looking for ignition-common4 -- found version 4.7.0
[0.679s] -- Searching for dependencies of ignition-common4
[0.679s] -- Looking for dlfcn.h - found
[0.680s] -- Looking for libdl - found
[0.681s] -- Found DL: TRUE  
[0.685s] -- Checking for module 'uuid'
[0.692s] --   Found uuid, version 2.37.2
[0.711s] -- Found UUID: TRUE  
[0.712s] -- Searching for <ignition-common4> component [profiler]
[0.714s] -- Looking for ignition-common4-profiler -- found version 4.7.0
[0.714s] -- Searching for dependencies of ignition-common4-profiler
[0.717s] -- Looking for ignition-plugin1 -- found version 1.4.0
[0.718s] -- Searching for dependencies of ignition-plugin1
[0.718s] -- Searching for <ignition-plugin1> component [loader]
[0.720s] -- Looking for ignition-plugin1-loader -- found version 1.4.0
[0.720s] -- Searching for dependencies of ignition-plugin1-loader
[0.720s] -- Searching for <ignition-plugin1> component [register]
[0.722s] -- Looking for ignition-plugin1-register -- found version 1.4.0
[0.722s] -- Searching for dependencies of ignition-plugin1-register
[0.725s] -- Looking for ignition-transport11 -- found version 11.4.1
[0.725s] -- Searching for dependencies of ignition-transport11
[0.738s] -- Found Protobuf: /usr/lib/x86_64-linux-gnu/libprotobuf.so (found version "3.12.4") 
[0.746s] -- Config-file not installed for ZeroMQ -- checking for pkg-config
[0.750s] -- Checking for module 'libzmq >= 4'
[0.760s] --   Found libzmq , version 4.3.4
[0.784s] -- Found ZeroMQ: TRUE (Required is at least version "4") 
[0.800s] -- Looking for ignition-utils1 -- found version 1.5.1
[0.800s] -- Searching for dependencies of ignition-utils1
[0.801s] -- Searching for <ignition-utils1> component [cli]
[0.804s] -- Looking for ignition-utils1-cli -- found version 1.5.1
[0.804s] -- Searching for dependencies of ignition-utils1-cli
[0.807s] -- Looking for ignition-msgs8 -- found version 8.7.0
[0.808s] -- Searching for dependencies of ignition-msgs8
[0.826s] -- Found Protobuf: /usr/lib/x86_64-linux-gnu/libprotobuf.so (found suitable version "3.12.4", minimum required is "3") 
[0.827s] -- Looking for ignition-math6 -- found version 6.15.1
[0.837s] -- Looking for ignition-rendering6 -- found version 6.6.3
[0.837s] -- Searching for dependencies of ignition-rendering6
[0.838s] -- Looking for ignition-math6 -- found version 6.15.1
[0.838s] -- Searching for dependencies of ignition-math6
[0.838s] -- Searching for <ignition-math6> component [eigen3]
[0.840s] -- Looking for ignition-math6-eigen3 -- found version 6.15.1
[0.840s] -- Searching for dependencies of ignition-math6-eigen3
[0.846s] -- Looking for ignition-common4 -- found version 4.7.0
[0.846s] -- Searching for dependencies of ignition-common4
[0.846s] -- Looking for dlfcn.h - found
[0.846s] -- Looking for libdl - found
[0.853s] -- Searching for <ignition-common4> component [graphics]
[0.854s] -- Looking for ignition-common4-graphics -- found version 4.7.0
[0.855s] -- Searching for dependencies of ignition-common4-graphics
[0.855s] -- Looking for ignition-math6 -- found version 6.15.1
[0.855s] -- Looking for ignition-utils1 -- found version 1.5.1
[0.856s] -- Searching for <ignition-common4> component [events]
[0.858s] -- Looking for ignition-common4-events -- found version 4.7.0
[0.858s] -- Searching for dependencies of ignition-common4-events
[0.859s] -- Looking for ignition-math6 -- found version 6.15.1
[0.859s] -- Looking for ignition-plugin1 -- found version 1.4.0
[0.860s] -- Searching for dependencies of ignition-plugin1
[0.860s] -- Searching for <ignition-plugin1> component [all]
[0.861s] -- Looking for all libraries of ignition-plugin1 -- found version 1.4.0
[0.862s] -- Looking for ignition-plugin1 -- found version 1.4.0
[0.863s] -- Looking for ignition-msgs8 -- found version 8.7.0
[0.867s] -- Looking for ignition-common4 -- found version 4.7.0
[0.870s] -- Added test 'cppcheck' to perform static code analysis on C / C++ code
[0.870s] -- Configured cppcheck include dirs: 
[0.870s] -- Configured cppcheck exclude dirs and/or files: 
[0.871s] -- Added test 'cpplint' to check C / C++ code against the Google style
[0.871s] -- Configured cpplint exclude dirs and/or files: 
[0.872s] -- Added test 'lint_cmake' to check CMake code style
[0.872s] -- Added test 'xmllint' to check XML markup files
[0.874s] -- Configuring done
[0.885s] -- Generating done
[0.887s] -- Build files have been written to: /home/manar/turtlebot4_ws/src/build/turtlebot4_ignition_gui_plugins
[0.894s] Invoked command in '/home/manar/turtlebot4_ws/src/build/turtlebot4_ignition_gui_plugins' returned '0': CMAKE_PREFIX_PATH=/opt/ros/humble /usr/bin/cmake /home/manar/turtlebot4_ws/src/turtlebot4_simulator/turtlebot4_ignition_gui_plugins -DCMAKE_INSTALL_PREFIX=/home/manar/turtlebot4_ws/src/install/turtlebot4_ignition_gui_plugins
[0.896s] Invoking command in '/home/manar/turtlebot4_ws/src/build/turtlebot4_ignition_gui_plugins': CMAKE_PREFIX_PATH=/opt/ros/humble /usr/bin/cmake --build /home/manar/turtlebot4_ws/src/build/turtlebot4_ignition_gui_plugins -- -j8 -l8
[0.929s] [ 16%] [34m[1mAutomatic MOC for target Turtlebot4Hmi[0m
[2.295s] [ 16%] Built target Turtlebot4Hmi_autogen
[2.301s] [ 33%] [34m[1mGenerating qrc_Turtlebot4Hmi.cpp[0m
[2.318s] [ 66%] [32mBuilding CXX object Turtlebot4Hmi/CMakeFiles/Turtlebot4Hmi.dir/qrc_Turtlebot4Hmi.cpp.o[0m
[2.318s] [ 66%] [32mBuilding CXX object Turtlebot4Hmi/CMakeFiles/Turtlebot4Hmi.dir/Turtlebot4Hmi.cc.o[0m
[2.319s] [ 83%] [32mBuilding CXX object Turtlebot4Hmi/CMakeFiles/Turtlebot4Hmi.dir/Turtlebot4Hmi_autogen/mocs_compilation.cpp.o[0m
[8.221s] [100%] [32m[1mLinking CXX shared library libTurtlebot4Hmi.so[0m
[8.510s] [100%] Built target Turtlebot4Hmi
[8.520s] Invoked command in '/home/manar/turtlebot4_ws/src/build/turtlebot4_ignition_gui_plugins' returned '0': CMAKE_PREFIX_PATH=/opt/ros/humble /usr/bin/cmake --build /home/manar/turtlebot4_ws/src/build/turtlebot4_ignition_gui_plugins -- -j8 -l8
[8.527s] Invoking command in '/home/manar/turtlebot4_ws/src/build/turtlebot4_ignition_gui_plugins': CMAKE_PREFIX_PATH=/opt/ros/humble /usr/bin/cmake --install /home/manar/turtlebot4_ws/src/build/turtlebot4_ignition_gui_plugins
[8.532s] -- Install configuration: ""
[8.533s] -- Installing: /home/manar/turtlebot4_ws/src/install/turtlebot4_ignition_gui_plugins/share/ament_index/resource_index/package_run_dependencies/turtlebot4_ignition_gui_plugins
[8.533s] -- Installing: /home/manar/turtlebot4_ws/src/install/turtlebot4_ignition_gui_plugins/share/ament_index/resource_index/parent_prefix_path/turtlebot4_ignition_gui_plugins
[8.533s] -- Installing: /home/manar/turtlebot4_ws/src/install/turtlebot4_ignition_gui_plugins/share/turtlebot4_ignition_gui_plugins/environment/ament_prefix_path.sh
[8.533s] -- Installing: /home/manar/turtlebot4_ws/src/install/turtlebot4_ignition_gui_plugins/share/turtlebot4_ignition_gui_plugins/environment/ament_prefix_path.dsv
[8.533s] -- Installing: /home/manar/turtlebot4_ws/src/install/turtlebot4_ignition_gui_plugins/share/turtlebot4_ignition_gui_plugins/environment/path.sh
[8.533s] -- Installing: /home/manar/turtlebot4_ws/src/install/turtlebot4_ignition_gui_plugins/share/turtlebot4_ignition_gui_plugins/environment/path.dsv
[8.533s] -- Installing: /home/manar/turtlebot4_ws/src/install/turtlebot4_ignition_gui_plugins/share/turtlebot4_ignition_gui_plugins/local_setup.bash
[8.533s] -- Installing: /home/manar/turtlebot4_ws/src/install/turtlebot4_ignition_gui_plugins/share/turtlebot4_ignition_gui_plugins/local_setup.sh
[8.533s] -- Installing: /home/manar/turtlebot4_ws/src/install/turtlebot4_ignition_gui_plugins/share/turtlebot4_ignition_gui_plugins/local_setup.zsh
[8.533s] -- Installing: /home/manar/turtlebot4_ws/src/install/turtlebot4_ignition_gui_plugins/share/turtlebot4_ignition_gui_plugins/local_setup.dsv
[8.533s] -- Installing: /home/manar/turtlebot4_ws/src/install/turtlebot4_ignition_gui_plugins/share/turtlebot4_ignition_gui_plugins/package.dsv
[8.533s] -- Installing: /home/manar/turtlebot4_ws/src/install/turtlebot4_ignition_gui_plugins/share/ament_index/resource_index/packages/turtlebot4_ignition_gui_plugins
[8.533s] -- Installing: /home/manar/turtlebot4_ws/src/install/turtlebot4_ignition_gui_plugins/share/turtlebot4_ignition_gui_plugins/cmake/turtlebot4_ignition_gui_pluginsConfig.cmake
[8.533s] -- Installing: /home/manar/turtlebot4_ws/src/install/turtlebot4_ignition_gui_plugins/share/turtlebot4_ignition_gui_plugins/cmake/turtlebot4_ignition_gui_pluginsConfig-version.cmake
[8.533s] -- Installing: /home/manar/turtlebot4_ws/src/install/turtlebot4_ignition_gui_plugins/share/turtlebot4_ignition_gui_plugins/package.xml
[8.534s] -- Installing: /home/manar/turtlebot4_ws/src/install/turtlebot4_ignition_gui_plugins/share/turtlebot4_ignition_gui_plugins/lib/libTurtlebot4Hmi.so
[8.536s] Invoked command in '/home/manar/turtlebot4_ws/src/build/turtlebot4_ignition_gui_plugins' returned '0': CMAKE_PREFIX_PATH=/opt/ros/humble /usr/bin/cmake --install /home/manar/turtlebot4_ws/src/build/turtlebot4_ignition_gui_plugins
