[0.758s] Invoking command in '/home/manar/turtlebot4_ws/src/roboflow_detection': PYTHONPATH=/home/manar/turtlebot4_ws/src/build/roboflow_detection/prefix_override:/usr/lib/python3/dist-packages/colcon_core/task/python/colcon_distutils_commands:/home/manar/turtlebot4_ws/src/install/roboflow_detection/lib/python3.10/site-packages:${PYTHONPATH} /usr/bin/python3 -W ignore:setup.py install is deprecated -W ignore:easy_install command is deprecated setup.py egg_info --egg-base ../build/roboflow_detection build --build-base /home/manar/turtlebot4_ws/src/build/roboflow_detection/build install --record /home/manar/turtlebot4_ws/src/build/roboflow_detection/install.log --single-version-externally-managed install_data
[0.936s] running egg_info
[0.937s] creating ../build/roboflow_detection/roboflow_detection.egg-info
[0.937s] writing ../build/roboflow_detection/roboflow_detection.egg-info/PKG-INFO
[0.937s] writing dependency_links to ../build/roboflow_detection/roboflow_detection.egg-info/dependency_links.txt
[0.937s] writing entry points to ../build/roboflow_detection/roboflow_detection.egg-info/entry_points.txt
[0.937s] writing requirements to ../build/roboflow_detection/roboflow_detection.egg-info/requires.txt
[0.937s] writing top-level names to ../build/roboflow_detection/roboflow_detection.egg-info/top_level.txt
[0.937s] writing manifest file '../build/roboflow_detection/roboflow_detection.egg-info/SOURCES.txt'
[0.939s] reading manifest file '../build/roboflow_detection/roboflow_detection.egg-info/SOURCES.txt'
[0.940s] writing manifest file '../build/roboflow_detection/roboflow_detection.egg-info/SOURCES.txt'
[0.940s] running build
[0.940s] running build_py
[0.941s] creating /home/manar/turtlebot4_ws/src/build/roboflow_detection/build
[0.941s] creating /home/manar/turtlebot4_ws/src/build/roboflow_detection/build/lib
[0.941s] creating /home/manar/turtlebot4_ws/src/build/roboflow_detection/build/lib/roboflow_detection
[0.941s] copying roboflow_detection/__init__.py -> /home/manar/turtlebot4_ws/src/build/roboflow_detection/build/lib/roboflow_detection
[0.941s] running install
[0.941s] running install_lib
[0.942s] creating /home/manar/turtlebot4_ws/src/install/roboflow_detection/lib/python3.10/site-packages/roboflow_detection
[0.942s] copying /home/manar/turtlebot4_ws/src/build/roboflow_detection/build/lib/roboflow_detection/__init__.py -> /home/manar/turtlebot4_ws/src/install/roboflow_detection/lib/python3.10/site-packages/roboflow_detection
[0.943s] byte-compiling /home/manar/turtlebot4_ws/src/install/roboflow_detection/lib/python3.10/site-packages/roboflow_detection/__init__.py to __init__.cpython-310.pyc
[0.943s] running install_data
[0.943s] creating /home/manar/turtlebot4_ws/src/install/roboflow_detection/share/ament_index
[0.943s] creating /home/manar/turtlebot4_ws/src/install/roboflow_detection/share/ament_index/resource_index
[0.943s] creating /home/manar/turtlebot4_ws/src/install/roboflow_detection/share/ament_index/resource_index/packages
[0.943s] copying resource/roboflow_detection -> /home/manar/turtlebot4_ws/src/install/roboflow_detection/share/ament_index/resource_index/packages
[0.943s] copying package.xml -> /home/manar/turtlebot4_ws/src/install/roboflow_detection/share/roboflow_detection
[0.943s] running install_egg_info
[0.945s] Copying ../build/roboflow_detection/roboflow_detection.egg-info to /home/manar/turtlebot4_ws/src/install/roboflow_detection/lib/python3.10/site-packages/roboflow_detection-0.0.0-py3.10.egg-info
[0.946s] running install_scripts
[0.962s] writing list of installed files to '/home/manar/turtlebot4_ws/src/build/roboflow_detection/install.log'
[0.985s] Invoked command in '/home/manar/turtlebot4_ws/src/roboflow_detection' returned '0': PYTHONPATH=/home/manar/turtlebot4_ws/src/build/roboflow_detection/prefix_override:/usr/lib/python3/dist-packages/colcon_core/task/python/colcon_distutils_commands:/home/manar/turtlebot4_ws/src/install/roboflow_detection/lib/python3.10/site-packages:${PYTHONPATH} /usr/bin/python3 -W ignore:setup.py install is deprecated -W ignore:easy_install command is deprecated setup.py egg_info --egg-base ../build/roboflow_detection build --build-base /home/manar/turtlebot4_ws/src/build/roboflow_detection/build install --record /home/manar/turtlebot4_ws/src/build/roboflow_detection/install.log --single-version-externally-managed install_data
