[0.034s] Invoking command in '/home/manar/turtlebot4_ws/build/turtlebot4_ignition_gui_plugins': CMAKE_PREFIX_PATH=${CMAKE_PREFIX_PATH}:/home/manar/turtlebot4_ws/install/turtlebot4_python_tutorials:/home/manar/turtlebot4_ws/install/roboflow_detection:/opt/ros/humble /usr/bin/cmake /home/manar/turtlebot4_ws/src/turtlebot4_simulator/turtlebot4_ignition_gui_plugins -DAMENT_CMAKE_SYMLINK_INSTALL=1 -DCMAKE_INSTALL_PREFIX=/home/manar/turtlebot4_ws/install/turtlebot4_ignition_gui_plugins
[0.545s] -- The C compiler identification is GNU 11.4.0
[0.545s] -- The CXX compiler identification is GNU 11.4.0
[0.545s] -- Detecting C compiler ABI info
[0.546s] -- Detecting C compiler ABI info - done
[0.546s] -- Check for working C compiler: /usr/bin/cc - skipped
[0.546s] -- Detecting C compile features
[0.546s] -- Detecting C compile features - done
[0.546s] -- Detecting CXX compiler ABI info
[0.547s] -- Detecting CXX compiler ABI info - done
[0.555s] -- Check for working CXX compiler: /usr/bin/c++ - skipped
[0.555s] -- Detecting CXX compile features
[0.556s] -- Detecting CXX compile features - done
[0.561s] -- Found ament_cmake: 1.3.11 (/opt/ros/humble/share/ament_cmake/cmake)
[0.836s] -- Found Python3: /usr/bin/python3 (found version "3.10.12") found components: Interpreter 
[0.952s] -- Override CMake install command with custom implementation using symlinks instead of copying resources
[1.007s] -- Found ament_lint_auto: 0.12.11 (/opt/ros/humble/share/ament_lint_auto/cmake)
[1.191s] -- Looking for ignition-gui6 -- found version 6.8.0
[1.200s] -- Searching for dependencies of ignition-gui6
[1.544s] -- Found Protobuf: /usr/lib/x86_64-linux-gnu/libprotobuf.so (found suitable version "3.12.4", minimum required is "3") 
[1.553s] -- Checking for module 'tinyxml2'
[1.581s] --   Found tinyxml2, version 9.0.0
[1.641s] -- Looking for ignition-math6 -- found version 6.15.1
[1.641s] -- Searching for dependencies of ignition-math6
[1.645s] -- Looking for ignition-common4 -- found version 4.7.0
[1.645s] -- Searching for dependencies of ignition-common4
[1.646s] -- Looking for dlfcn.h - found
[1.649s] -- Looking for libdl - found
[1.652s] -- Found DL: TRUE  
[1.660s] -- Checking for module 'uuid'
[1.687s] --   Found uuid, version 2.37.2
[1.768s] -- Found UUID: TRUE  
[1.769s] -- Searching for <ignition-common4> component [profiler]
[1.775s] -- Looking for ignition-common4-profiler -- found version 4.7.0
[1.776s] -- Searching for dependencies of ignition-common4-profiler
[1.795s] -- Looking for ignition-plugin1 -- found version 1.4.0
[1.797s] -- Searching for dependencies of ignition-plugin1
[1.798s] -- Searching for <ignition-plugin1> component [loader]
[1.804s] -- Looking for ignition-plugin1-loader -- found version 1.4.0
[1.804s] -- Searching for dependencies of ignition-plugin1-loader
[1.805s] -- Searching for <ignition-plugin1> component [register]
[1.810s] -- Looking for ignition-plugin1-register -- found version 1.4.0
[1.810s] -- Searching for dependencies of ignition-plugin1-register
[1.815s] -- Looking for ignition-transport11 -- found version 11.4.1
[1.815s] -- Searching for dependencies of ignition-transport11
[1.855s] -- Found Protobuf: /usr/lib/x86_64-linux-gnu/libprotobuf.so (found version "3.12.4") 
[1.883s] -- Config-file not installed for ZeroMQ -- checking for pkg-config
[1.892s] -- Checking for module 'libzmq >= 4'
[1.923s] --   Found libzmq , version 4.3.4
[2.023s] -- Found ZeroMQ: TRUE (Required is at least version "4") 
[2.062s] -- Looking for ignition-utils1 -- found version 1.5.1
[2.064s] -- Searching for dependencies of ignition-utils1
[2.066s] -- Searching for <ignition-utils1> component [cli]
[2.069s] -- Looking for ignition-utils1-cli -- found version 1.5.1
[2.070s] -- Searching for dependencies of ignition-utils1-cli
[2.074s] -- Looking for ignition-msgs8 -- found version 8.7.0
[2.074s] -- Searching for dependencies of ignition-msgs8
[2.110s] -- Found Protobuf: /usr/lib/x86_64-linux-gnu/libprotobuf.so (found suitable version "3.12.4", minimum required is "3") 
[2.112s] -- Looking for ignition-math6 -- found version 6.15.1
[2.132s] -- Looking for ignition-rendering6 -- found version 6.6.3
[2.132s] -- Searching for dependencies of ignition-rendering6
[2.134s] -- Looking for ignition-math6 -- found version 6.15.1
[2.135s] -- Searching for dependencies of ignition-math6
[2.135s] -- Searching for <ignition-math6> component [eigen3]
[2.140s] -- Looking for ignition-math6-eigen3 -- found version 6.15.1
[2.141s] -- Searching for dependencies of ignition-math6-eigen3
[2.155s] -- Looking for ignition-common4 -- found version 4.7.0
[2.155s] -- Searching for dependencies of ignition-common4
[2.156s] -- Looking for dlfcn.h - found
[2.156s] -- Looking for libdl - found
[2.174s] -- Searching for <ignition-common4> component [graphics]
[2.178s] -- Looking for ignition-common4-graphics -- found version 4.7.0
[2.178s] -- Searching for dependencies of ignition-common4-graphics
[2.179s] -- Looking for ignition-math6 -- found version 6.15.1
[2.180s] -- Looking for ignition-utils1 -- found version 1.5.1
[2.181s] -- Searching for <ignition-common4> component [events]
[2.185s] -- Looking for ignition-common4-events -- found version 4.7.0
[2.186s] -- Searching for dependencies of ignition-common4-events
[2.186s] -- Looking for ignition-math6 -- found version 6.15.1
[2.188s] -- Looking for ignition-plugin1 -- found version 1.4.0
[2.189s] -- Searching for dependencies of ignition-plugin1
[2.191s] -- Searching for <ignition-plugin1> component [all]
[2.193s] -- Looking for all libraries of ignition-plugin1 -- found version 1.4.0
[2.193s] -- Looking for ignition-plugin1 -- found version 1.4.0
[2.197s] -- Looking for ignition-msgs8 -- found version 8.7.0
[2.205s] -- Looking for ignition-common4 -- found version 4.7.0
[2.225s] -- Added test 'cppcheck' to perform static code analysis on C / C++ code
[2.228s] -- Configured cppcheck include dirs: 
[2.228s] -- Configured cppcheck exclude dirs and/or files: 
[2.228s] -- Added test 'cpplint' to check C / C++ code against the Google style
[2.228s] -- Configured cpplint exclude dirs and/or files: 
[2.230s] -- Added test 'lint_cmake' to check CMake code style
[2.232s] -- Added test 'xmllint' to check XML markup files
[2.237s] -- Configuring done
[2.288s] -- Generating done
[2.288s] -- Build files have been written to: /home/manar/turtlebot4_ws/build/turtlebot4_ignition_gui_plugins
[2.313s] Invoked command in '/home/manar/turtlebot4_ws/build/turtlebot4_ignition_gui_plugins' returned '0': CMAKE_PREFIX_PATH=${CMAKE_PREFIX_PATH}:/home/manar/turtlebot4_ws/install/turtlebot4_python_tutorials:/home/manar/turtlebot4_ws/install/roboflow_detection:/opt/ros/humble /usr/bin/cmake /home/manar/turtlebot4_ws/src/turtlebot4_simulator/turtlebot4_ignition_gui_plugins -DAMENT_CMAKE_SYMLINK_INSTALL=1 -DCMAKE_INSTALL_PREFIX=/home/manar/turtlebot4_ws/install/turtlebot4_ignition_gui_plugins
[2.318s] Invoking command in '/home/manar/turtlebot4_ws/build/turtlebot4_ignition_gui_plugins': CMAKE_PREFIX_PATH=${CMAKE_PREFIX_PATH}:/home/manar/turtlebot4_ws/install/turtlebot4_python_tutorials:/home/manar/turtlebot4_ws/install/roboflow_detection:/opt/ros/humble /usr/bin/cmake --build /home/manar/turtlebot4_ws/build/turtlebot4_ignition_gui_plugins -- -j8 -l8
[2.455s] [ 16%] [34m[1mAutomatic MOC for target Turtlebot4Hmi[0m
[5.737s] [ 16%] Built target Turtlebot4Hmi_autogen
[5.750s] [ 33%] [34m[1mGenerating qrc_Turtlebot4Hmi.cpp[0m
[5.789s] [ 50%] [32mBuilding CXX object Turtlebot4Hmi/CMakeFiles/Turtlebot4Hmi.dir/Turtlebot4Hmi_autogen/mocs_compilation.cpp.o[0m
[16.621s] [ 66%] [32mBuilding CXX object Turtlebot4Hmi/CMakeFiles/Turtlebot4Hmi.dir/qrc_Turtlebot4Hmi.cpp.o[0m
[16.690s] [ 83%] [32mBuilding CXX object Turtlebot4Hmi/CMakeFiles/Turtlebot4Hmi.dir/Turtlebot4Hmi.cc.o[0m
[28.426s] [100%] [32m[1mLinking CXX shared library libTurtlebot4Hmi.so[0m
[29.040s] [100%] Built target Turtlebot4Hmi
[29.058s] Invoked command in '/home/manar/turtlebot4_ws/build/turtlebot4_ignition_gui_plugins' returned '0': CMAKE_PREFIX_PATH=${CMAKE_PREFIX_PATH}:/home/manar/turtlebot4_ws/install/turtlebot4_python_tutorials:/home/manar/turtlebot4_ws/install/roboflow_detection:/opt/ros/humble /usr/bin/cmake --build /home/manar/turtlebot4_ws/build/turtlebot4_ignition_gui_plugins -- -j8 -l8
[29.073s] Invoking command in '/home/manar/turtlebot4_ws/build/turtlebot4_ignition_gui_plugins': CMAKE_PREFIX_PATH=${CMAKE_PREFIX_PATH}:/home/manar/turtlebot4_ws/install/turtlebot4_python_tutorials:/home/manar/turtlebot4_ws/install/roboflow_detection:/opt/ros/humble /usr/bin/cmake --install /home/manar/turtlebot4_ws/build/turtlebot4_ignition_gui_plugins
[29.084s] -- Install configuration: ""
[29.084s] -- Execute custom install script
[29.085s] -- Symlinking: /home/manar/turtlebot4_ws/install/turtlebot4_ignition_gui_plugins/share/turtlebot4_ignition_gui_plugins/lib/libTurtlebot4Hmi.so
[29.098s] -- Symlinking: /home/manar/turtlebot4_ws/install/turtlebot4_ignition_gui_plugins/share/ament_index/resource_index/package_run_dependencies/turtlebot4_ignition_gui_plugins
[29.112s] -- Symlinking: /home/manar/turtlebot4_ws/install/turtlebot4_ignition_gui_plugins/share/ament_index/resource_index/parent_prefix_path/turtlebot4_ignition_gui_plugins
[29.127s] -- Symlinking: /home/manar/turtlebot4_ws/install/turtlebot4_ignition_gui_plugins/share/turtlebot4_ignition_gui_plugins/environment/ament_prefix_path.sh
[29.139s] -- Symlinking: /home/manar/turtlebot4_ws/install/turtlebot4_ignition_gui_plugins/share/turtlebot4_ignition_gui_plugins/environment/ament_prefix_path.dsv
[29.150s] -- Symlinking: /home/manar/turtlebot4_ws/install/turtlebot4_ignition_gui_plugins/share/turtlebot4_ignition_gui_plugins/environment/path.sh
[29.166s] -- Symlinking: /home/manar/turtlebot4_ws/install/turtlebot4_ignition_gui_plugins/share/turtlebot4_ignition_gui_plugins/environment/path.dsv
[29.179s] -- Symlinking: /home/manar/turtlebot4_ws/install/turtlebot4_ignition_gui_plugins/share/turtlebot4_ignition_gui_plugins/local_setup.bash
[29.192s] -- Symlinking: /home/manar/turtlebot4_ws/install/turtlebot4_ignition_gui_plugins/share/turtlebot4_ignition_gui_plugins/local_setup.sh
[29.201s] -- Symlinking: /home/manar/turtlebot4_ws/install/turtlebot4_ignition_gui_plugins/share/turtlebot4_ignition_gui_plugins/local_setup.zsh
[29.213s] -- Symlinking: /home/manar/turtlebot4_ws/install/turtlebot4_ignition_gui_plugins/share/turtlebot4_ignition_gui_plugins/local_setup.dsv
[29.228s] -- Symlinking: /home/manar/turtlebot4_ws/install/turtlebot4_ignition_gui_plugins/share/turtlebot4_ignition_gui_plugins/package.dsv
[29.236s] -- Symlinking: /home/manar/turtlebot4_ws/install/turtlebot4_ignition_gui_plugins/share/ament_index/resource_index/packages/turtlebot4_ignition_gui_plugins
[29.249s] -- Symlinking: /home/manar/turtlebot4_ws/install/turtlebot4_ignition_gui_plugins/share/turtlebot4_ignition_gui_plugins/cmake/turtlebot4_ignition_gui_pluginsConfig.cmake
[29.263s] -- Symlinking: /home/manar/turtlebot4_ws/install/turtlebot4_ignition_gui_plugins/share/turtlebot4_ignition_gui_plugins/cmake/turtlebot4_ignition_gui_pluginsConfig-version.cmake
[29.277s] -- Symlinking: /home/manar/turtlebot4_ws/install/turtlebot4_ignition_gui_plugins/share/turtlebot4_ignition_gui_plugins/package.xml
[29.294s] Invoked command in '/home/manar/turtlebot4_ws/build/turtlebot4_ignition_gui_plugins' returned '0': CMAKE_PREFIX_PATH=${CMAKE_PREFIX_PATH}:/home/manar/turtlebot4_ws/install/turtlebot4_python_tutorials:/home/manar/turtlebot4_ws/install/roboflow_detection:/opt/ros/humble /usr/bin/cmake --install /home/manar/turtlebot4_ws/build/turtlebot4_ignition_gui_plugins
