[0.011s] Invoking command in '/home/manar/turtlebot4_ws/build/turtlebot4_simulator': CMAKE_PREFIX_PATH=/home/manar/turtlebot4_ws/install/turtlebot4_ignition_bringup:/home/manar/turtlebot4_ws/install/turtlebot4_ignition_toolbox:/home/manar/turtlebot4_ws/install/turtlebot4_ignition_gui_plugins:/home/manar/turtlebot4_ws/install/turtlebot4_simulator:/home/manar/turtlebot4_ws/install/turtlebot4_python_tutorials:/home/manar/turtlebot4_ws/install/roboflow_detection:/opt/ros/humble /usr/bin/cmake /home/manar/turtlebot4_ws/src/turtlebot4_simulator/turtlebot4_simulator -DAMENT_CMAKE_SYMLINK_INSTALL=1 -DCMAKE_INSTALL_PREFIX=/home/manar/turtlebot4_ws/install/turtlebot4_simulator
[0.080s] -- The C compiler identification is GNU 11.4.0
[0.167s] -- The CXX compiler identification is GNU 11.4.0
[0.176s] -- Detecting C compiler ABI info
[0.270s] -- Detecting C compiler ABI info - done
[0.281s] -- Check for working C compiler: /usr/bin/cc - skipped
[0.281s] -- Detecting C compile features
[0.281s] -- Detecting C compile features - done
[0.286s] -- Detecting CXX compiler ABI info
[0.383s] -- Detecting CXX compiler ABI info - done
[0.394s] -- Check for working CXX compiler: /usr/bin/c++ - skipped
[0.394s] -- Detecting CXX compile features
[0.396s] -- Detecting CXX compile features - done
[0.399s] -- Found ament_cmake: 1.3.11 (/opt/ros/humble/share/ament_cmake/cmake)
[0.620s] -- Found Python3: /usr/bin/python3 (found version "3.10.12") found components: Interpreter 
[0.706s] -- Override CMake install command with custom implementation using symlinks instead of copying resources
[0.845s] -- Configuring done
[0.848s] -- Generating done
[0.851s] -- Build files have been written to: /home/manar/turtlebot4_ws/build/turtlebot4_simulator
[0.856s] Invoked command in '/home/manar/turtlebot4_ws/build/turtlebot4_simulator' returned '0': CMAKE_PREFIX_PATH=/home/manar/turtlebot4_ws/install/turtlebot4_ignition_bringup:/home/manar/turtlebot4_ws/install/turtlebot4_ignition_toolbox:/home/manar/turtlebot4_ws/install/turtlebot4_ignition_gui_plugins:/home/manar/turtlebot4_ws/install/turtlebot4_simulator:/home/manar/turtlebot4_ws/install/turtlebot4_python_tutorials:/home/manar/turtlebot4_ws/install/roboflow_detection:/opt/ros/humble /usr/bin/cmake /home/manar/turtlebot4_ws/src/turtlebot4_simulator/turtlebot4_simulator -DAMENT_CMAKE_SYMLINK_INSTALL=1 -DCMAKE_INSTALL_PREFIX=/home/manar/turtlebot4_ws/install/turtlebot4_simulator
[0.857s] Invoking command in '/home/manar/turtlebot4_ws/build/turtlebot4_simulator': CMAKE_PREFIX_PATH=/home/manar/turtlebot4_ws/install/turtlebot4_ignition_bringup:/home/manar/turtlebot4_ws/install/turtlebot4_ignition_toolbox:/home/manar/turtlebot4_ws/install/turtlebot4_ignition_gui_plugins:/home/manar/turtlebot4_ws/install/turtlebot4_simulator:/home/manar/turtlebot4_ws/install/turtlebot4_python_tutorials:/home/manar/turtlebot4_ws/install/roboflow_detection:/opt/ros/humble /usr/bin/cmake --build /home/manar/turtlebot4_ws/build/turtlebot4_simulator -- -j8 -l8
[0.898s] Invoked command in '/home/manar/turtlebot4_ws/build/turtlebot4_simulator' returned '0': CMAKE_PREFIX_PATH=/home/manar/turtlebot4_ws/install/turtlebot4_ignition_bringup:/home/manar/turtlebot4_ws/install/turtlebot4_ignition_toolbox:/home/manar/turtlebot4_ws/install/turtlebot4_ignition_gui_plugins:/home/manar/turtlebot4_ws/install/turtlebot4_simulator:/home/manar/turtlebot4_ws/install/turtlebot4_python_tutorials:/home/manar/turtlebot4_ws/install/roboflow_detection:/opt/ros/humble /usr/bin/cmake --build /home/manar/turtlebot4_ws/build/turtlebot4_simulator -- -j8 -l8
[0.900s] Invoking command in '/home/manar/turtlebot4_ws/build/turtlebot4_simulator': CMAKE_PREFIX_PATH=/home/manar/turtlebot4_ws/install/turtlebot4_ignition_bringup:/home/manar/turtlebot4_ws/install/turtlebot4_ignition_toolbox:/home/manar/turtlebot4_ws/install/turtlebot4_ignition_gui_plugins:/home/manar/turtlebot4_ws/install/turtlebot4_simulator:/home/manar/turtlebot4_ws/install/turtlebot4_python_tutorials:/home/manar/turtlebot4_ws/install/roboflow_detection:/opt/ros/humble /usr/bin/cmake --install /home/manar/turtlebot4_ws/build/turtlebot4_simulator
[0.909s] -- Install configuration: ""
[0.909s] -- Execute custom install script
[0.909s] -- Symlinking: /home/manar/turtlebot4_ws/install/turtlebot4_simulator/share/ament_index/resource_index/package_run_dependencies/turtlebot4_simulator
[0.920s] -- Symlinking: /home/manar/turtlebot4_ws/install/turtlebot4_simulator/share/ament_index/resource_index/parent_prefix_path/turtlebot4_simulator
[0.931s] -- Symlinking: /home/manar/turtlebot4_ws/install/turtlebot4_simulator/share/turtlebot4_simulator/environment/ament_prefix_path.sh
[0.943s] -- Symlinking: /home/manar/turtlebot4_ws/install/turtlebot4_simulator/share/turtlebot4_simulator/environment/ament_prefix_path.dsv
[0.953s] -- Symlinking: /home/manar/turtlebot4_ws/install/turtlebot4_simulator/share/turtlebot4_simulator/environment/path.sh
[0.963s] -- Symlinking: /home/manar/turtlebot4_ws/install/turtlebot4_simulator/share/turtlebot4_simulator/environment/path.dsv
[0.973s] -- Symlinking: /home/manar/turtlebot4_ws/install/turtlebot4_simulator/share/turtlebot4_simulator/local_setup.bash
[0.985s] -- Symlinking: /home/manar/turtlebot4_ws/install/turtlebot4_simulator/share/turtlebot4_simulator/local_setup.sh
[0.996s] -- Symlinking: /home/manar/turtlebot4_ws/install/turtlebot4_simulator/share/turtlebot4_simulator/local_setup.zsh
[1.006s] -- Symlinking: /home/manar/turtlebot4_ws/install/turtlebot4_simulator/share/turtlebot4_simulator/local_setup.dsv
[1.019s] -- Symlinking: /home/manar/turtlebot4_ws/install/turtlebot4_simulator/share/turtlebot4_simulator/package.dsv
[1.032s] -- Symlinking: /home/manar/turtlebot4_ws/install/turtlebot4_simulator/share/ament_index/resource_index/packages/turtlebot4_simulator
[1.045s] -- Symlinking: /home/manar/turtlebot4_ws/install/turtlebot4_simulator/share/turtlebot4_simulator/cmake/turtlebot4_simulatorConfig.cmake
[1.057s] -- Symlinking: /home/manar/turtlebot4_ws/install/turtlebot4_simulator/share/turtlebot4_simulator/cmake/turtlebot4_simulatorConfig-version.cmake
[1.070s] -- Symlinking: /home/manar/turtlebot4_ws/install/turtlebot4_simulator/share/turtlebot4_simulator/package.xml
[1.088s] Invoked command in '/home/manar/turtlebot4_ws/build/turtlebot4_simulator' returned '0': CMAKE_PREFIX_PATH=/home/manar/turtlebot4_ws/install/turtlebot4_ignition_bringup:/home/manar/turtlebot4_ws/install/turtlebot4_ignition_toolbox:/home/manar/turtlebot4_ws/install/turtlebot4_ignition_gui_plugins:/home/manar/turtlebot4_ws/install/turtlebot4_simulator:/home/manar/turtlebot4_ws/install/turtlebot4_python_tutorials:/home/manar/turtlebot4_ws/install/roboflow_detection:/opt/ros/humble /usr/bin/cmake --install /home/manar/turtlebot4_ws/build/turtlebot4_simulator
