[1.710s] Invoking command in '/home/manar/turtlebot4_ws/build/roboflow_detection': PYTHONPATH=/home/manar/turtlebot4_ws/build/roboflow_detection/prefix_override:/usr/lib/python3/dist-packages/colcon_core/task/python/colcon_distutils_commands:/home/manar/turtlebot4_ws/install/roboflow_detection/lib/python3.10/site-packages:${PYTHONPATH} /usr/bin/python3 -W ignore:setup.py install is deprecated -W ignore:easy_install command is deprecated setup.py develop --editable --build-directory /home/manar/turtlebot4_ws/build/roboflow_detection/build --no-deps symlink_data
[2.442s] running develop
[2.793s] running egg_info
[2.793s] creating roboflow_detection.egg-info
[2.794s] writing roboflow_detection.egg-info/PKG-INFO
[2.794s] writing dependency_links to roboflow_detection.egg-info/dependency_links.txt
[2.794s] writing entry points to roboflow_detection.egg-info/entry_points.txt
[2.794s] writing requirements to roboflow_detection.egg-info/requires.txt
[2.795s] writing top-level names to roboflow_detection.egg-info/top_level.txt
[2.795s] writing manifest file 'roboflow_detection.egg-info/SOURCES.txt'
[2.798s] reading manifest file 'roboflow_detection.egg-info/SOURCES.txt'
[2.799s] writing manifest file 'roboflow_detection.egg-info/SOURCES.txt'
[2.802s] running build_ext
[2.802s] Creating /home/manar/turtlebot4_ws/install/roboflow_detection/lib/python3.10/site-packages/roboflow-detection.egg-link (link to .)
[2.803s] Installing roboflow_node script to /home/manar/turtlebot4_ws/install/roboflow_detection/lib/roboflow_detection
[2.805s] 
[2.805s] Installed /home/manar/turtlebot4_ws/build/roboflow_detection
[2.805s] running symlink_data
[2.805s] creating /home/manar/turtlebot4_ws/install/roboflow_detection/share/ament_index
[2.805s] creating /home/manar/turtlebot4_ws/install/roboflow_detection/share/ament_index/resource_index
[2.805s] creating /home/manar/turtlebot4_ws/install/roboflow_detection/share/ament_index/resource_index/packages
[2.806s] symbolically linking /home/manar/turtlebot4_ws/build/roboflow_detection/resource/roboflow_detection -> /home/manar/turtlebot4_ws/install/roboflow_detection/share/ament_index/resource_index/packages
[2.806s] symbolically linking /home/manar/turtlebot4_ws/build/roboflow_detection/package.xml -> /home/manar/turtlebot4_ws/install/roboflow_detection/share/roboflow_detection
[2.880s] Invoked command in '/home/manar/turtlebot4_ws/build/roboflow_detection' returned '0': PYTHONPATH=/home/manar/turtlebot4_ws/build/roboflow_detection/prefix_override:/usr/lib/python3/dist-packages/colcon_core/task/python/colcon_distutils_commands:/home/manar/turtlebot4_ws/install/roboflow_detection/lib/python3.10/site-packages:${PYTHONPATH} /usr/bin/python3 -W ignore:setup.py install is deprecated -W ignore:easy_install command is deprecated setup.py develop --editable --build-directory /home/manar/turtlebot4_ws/build/roboflow_detection/build --no-deps symlink_data
