[0.005s] Invoking command in '/home/manar/turtlebot4_ws/src/build/turtlebot4_ignition_bringup': AMENT_PREFIX_PATH=/home/manar/turtlebot4_ws/src/install/turtlebot4_ignition_toolbox:/home/manar/turtlebot4_ws/src/install/turtlebot4_ignition_gui_plugins:${AMENT_PREFIX_PATH} CMAKE_PREFIX_PATH=/home/manar/turtlebot4_ws/src/install/turtlebot4_ignition_toolbox:/home/manar/turtlebot4_ws/src/install/turtlebot4_ignition_gui_plugins:/opt/ros/humble /usr/bin/cmake /home/manar/turtlebot4_ws/src/turtlebot4_simulator/turtlebot4_ignition_bringup -DCMAKE_INSTALL_PREFIX=/home/manar/turtlebot4_ws/src/install/turtlebot4_ignition_bringup
[0.039s] -- The C compiler identification is GNU 11.4.0
[0.076s] -- The CXX compiler identification is GNU 11.4.0
[0.081s] -- Detecting C compiler ABI info
[0.127s] -- Detecting C compiler ABI info - done
[0.133s] -- Check for working C compiler: /usr/bin/cc - skipped
[0.133s] -- Detecting C compile features
[0.134s] -- Detecting C compile features - done
[0.137s] -- Detecting CXX compiler ABI info
[0.186s] -- Detecting CXX compiler ABI info - done
[0.191s] -- Check for working CXX compiler: /usr/bin/c++ - skipped
[0.191s] -- Detecting CXX compile features
[0.191s] -- Detecting CXX compile features - done
[0.193s] -- Found ament_cmake: 1.3.11 (/opt/ros/humble/share/ament_cmake/cmake)
[0.290s] -- Found Python3: /usr/bin/python3 (found version "3.10.12") found components: Interpreter 
[0.355s] -- Found ros_ign_interfaces: 0.244.16 (/opt/ros/humble/share/ros_ign_interfaces/cmake)
[0.379s] -- Found rosidl_generator_c: 3.1.6 (/opt/ros/humble/share/rosidl_generator_c/cmake)
[0.382s] -- Found rosidl_adapter: 3.1.6 (/opt/ros/humble/share/rosidl_adapter/cmake)
[0.388s] -- Found rosidl_generator_cpp: 3.1.6 (/opt/ros/humble/share/rosidl_generator_cpp/cmake)
[0.395s] -- Using all available rosidl_typesupport_c: rosidl_typesupport_fastrtps_c;rosidl_typesupport_introspection_c
[0.404s] -- Using all available rosidl_typesupport_cpp: rosidl_typesupport_fastrtps_cpp;rosidl_typesupport_introspection_cpp
[0.463s] -- Found ament_lint_auto: 0.12.11 (/opt/ros/humble/share/ament_lint_auto/cmake)
[0.513s] -- Added test 'copyright' to check source files copyright and LICENSE
[0.514s] -- Added test 'flake8' to check Python code syntax and style conventions
[0.515s] -- Added test 'lint_cmake' to check CMake code style
[0.515s] -- Added test 'pep257' to check Python code against some of the docstring style conventions in PEP 257
[0.516s] -- Added test 'xmllint' to check XML markup files
[0.516s] -- Configuring done
[0.518s] -- Generating done
[0.520s] -- Build files have been written to: /home/manar/turtlebot4_ws/src/build/turtlebot4_ignition_bringup
[0.525s] Invoked command in '/home/manar/turtlebot4_ws/src/build/turtlebot4_ignition_bringup' returned '0': AMENT_PREFIX_PATH=/home/manar/turtlebot4_ws/src/install/turtlebot4_ignition_toolbox:/home/manar/turtlebot4_ws/src/install/turtlebot4_ignition_gui_plugins:${AMENT_PREFIX_PATH} CMAKE_PREFIX_PATH=/home/manar/turtlebot4_ws/src/install/turtlebot4_ignition_toolbox:/home/manar/turtlebot4_ws/src/install/turtlebot4_ignition_gui_plugins:/opt/ros/humble /usr/bin/cmake /home/manar/turtlebot4_ws/src/turtlebot4_simulator/turtlebot4_ignition_bringup -DCMAKE_INSTALL_PREFIX=/home/manar/turtlebot4_ws/src/install/turtlebot4_ignition_bringup
[0.525s] Invoking command in '/home/manar/turtlebot4_ws/src/build/turtlebot4_ignition_bringup': AMENT_PREFIX_PATH=/home/manar/turtlebot4_ws/src/install/turtlebot4_ignition_toolbox:/home/manar/turtlebot4_ws/src/install/turtlebot4_ignition_gui_plugins:${AMENT_PREFIX_PATH} CMAKE_PREFIX_PATH=/home/manar/turtlebot4_ws/src/install/turtlebot4_ignition_toolbox:/home/manar/turtlebot4_ws/src/install/turtlebot4_ignition_gui_plugins:/opt/ros/humble /usr/bin/cmake --build /home/manar/turtlebot4_ws/src/build/turtlebot4_ignition_bringup -- -j8 -l8
[0.549s] Invoked command in '/home/manar/turtlebot4_ws/src/build/turtlebot4_ignition_bringup' returned '0': AMENT_PREFIX_PATH=/home/manar/turtlebot4_ws/src/install/turtlebot4_ignition_toolbox:/home/manar/turtlebot4_ws/src/install/turtlebot4_ignition_gui_plugins:${AMENT_PREFIX_PATH} CMAKE_PREFIX_PATH=/home/manar/turtlebot4_ws/src/install/turtlebot4_ignition_toolbox:/home/manar/turtlebot4_ws/src/install/turtlebot4_ignition_gui_plugins:/opt/ros/humble /usr/bin/cmake --build /home/manar/turtlebot4_ws/src/build/turtlebot4_ignition_bringup -- -j8 -l8
[0.550s] Invoking command in '/home/manar/turtlebot4_ws/src/build/turtlebot4_ignition_bringup': AMENT_PREFIX_PATH=/home/manar/turtlebot4_ws/src/install/turtlebot4_ignition_toolbox:/home/manar/turtlebot4_ws/src/install/turtlebot4_ignition_gui_plugins:${AMENT_PREFIX_PATH} CMAKE_PREFIX_PATH=/home/manar/turtlebot4_ws/src/install/turtlebot4_ignition_toolbox:/home/manar/turtlebot4_ws/src/install/turtlebot4_ignition_gui_plugins:/opt/ros/humble /usr/bin/cmake --install /home/manar/turtlebot4_ws/src/build/turtlebot4_ignition_bringup
[0.555s] -- Install configuration: ""
[0.555s] -- Installing: /home/manar/turtlebot4_ws/src/install/turtlebot4_ignition_bringup/share/turtlebot4_ignition_bringup/config
[0.555s] -- Installing: /home/manar/turtlebot4_ws/src/install/turtlebot4_ignition_bringup/share/turtlebot4_ignition_bringup/config/turtlebot4_node.yaml
[0.555s] -- Installing: /home/manar/turtlebot4_ws/src/install/turtlebot4_ignition_bringup/share/turtlebot4_ignition_bringup/gui
[0.555s] -- Installing: /home/manar/turtlebot4_ws/src/install/turtlebot4_ignition_bringup/share/turtlebot4_ignition_bringup/gui/standard
[0.555s] -- Installing: /home/manar/turtlebot4_ws/src/install/turtlebot4_ignition_bringup/share/turtlebot4_ignition_bringup/gui/standard/gui.config
[0.555s] -- Installing: /home/manar/turtlebot4_ws/src/install/turtlebot4_ignition_bringup/share/turtlebot4_ignition_bringup/gui/lite
[0.555s] -- Installing: /home/manar/turtlebot4_ws/src/install/turtlebot4_ignition_bringup/share/turtlebot4_ignition_bringup/gui/lite/gui.config
[0.555s] -- Installing: /home/manar/turtlebot4_ws/src/install/turtlebot4_ignition_bringup/share/turtlebot4_ignition_bringup/launch
[0.555s] -- Installing: /home/manar/turtlebot4_ws/src/install/turtlebot4_ignition_bringup/share/turtlebot4_ignition_bringup/launch/ignition.launch.py
[0.555s] -- Installing: /home/manar/turtlebot4_ws/src/install/turtlebot4_ignition_bringup/share/turtlebot4_ignition_bringup/launch/turtlebot4_spawn.launch.py
[0.555s] -- Installing: /home/manar/turtlebot4_ws/src/install/turtlebot4_ignition_bringup/share/turtlebot4_ignition_bringup/launch/ros_ign_bridge.launch.py
[0.555s] -- Installing: /home/manar/turtlebot4_ws/src/install/turtlebot4_ignition_bringup/share/turtlebot4_ignition_bringup/launch/turtlebot4_ignition.launch.py
[0.555s] -- Installing: /home/manar/turtlebot4_ws/src/install/turtlebot4_ignition_bringup/share/turtlebot4_ignition_bringup/launch/turtlebot4_nodes.launch.py
[0.555s] -- Installing: /home/manar/turtlebot4_ws/src/install/turtlebot4_ignition_bringup/share/turtlebot4_ignition_bringup/worlds
[0.555s] -- Installing: /home/manar/turtlebot4_ws/src/install/turtlebot4_ignition_bringup/share/turtlebot4_ignition_bringup/worlds/warehouse.sdf
[0.555s] -- Installing: /home/manar/turtlebot4_ws/src/install/turtlebot4_ignition_bringup/share/turtlebot4_ignition_bringup/worlds/depot.sdf
[0.556s] -- Installing: /home/manar/turtlebot4_ws/src/install/turtlebot4_ignition_bringup/share/turtlebot4_ignition_bringup/worlds/maze.sdf
[0.556s] -- Installing: /home/manar/turtlebot4_ws/src/install/turtlebot4_ignition_bringup/share/ament_index/resource_index/package_run_dependencies/turtlebot4_ignition_bringup
[0.556s] -- Installing: /home/manar/turtlebot4_ws/src/install/turtlebot4_ignition_bringup/share/ament_index/resource_index/parent_prefix_path/turtlebot4_ignition_bringup
[0.556s] -- Installing: /home/manar/turtlebot4_ws/src/install/turtlebot4_ignition_bringup/share/turtlebot4_ignition_bringup/environment/ament_prefix_path.sh
[0.556s] -- Installing: /home/manar/turtlebot4_ws/src/install/turtlebot4_ignition_bringup/share/turtlebot4_ignition_bringup/environment/ament_prefix_path.dsv
[0.556s] -- Installing: /home/manar/turtlebot4_ws/src/install/turtlebot4_ignition_bringup/share/turtlebot4_ignition_bringup/environment/path.sh
[0.556s] -- Installing: /home/manar/turtlebot4_ws/src/install/turtlebot4_ignition_bringup/share/turtlebot4_ignition_bringup/environment/path.dsv
[0.556s] -- Installing: /home/manar/turtlebot4_ws/src/install/turtlebot4_ignition_bringup/share/turtlebot4_ignition_bringup/local_setup.bash
[0.556s] -- Installing: /home/manar/turtlebot4_ws/src/install/turtlebot4_ignition_bringup/share/turtlebot4_ignition_bringup/local_setup.sh
[0.556s] -- Installing: /home/manar/turtlebot4_ws/src/install/turtlebot4_ignition_bringup/share/turtlebot4_ignition_bringup/local_setup.zsh
[0.556s] -- Installing: /home/manar/turtlebot4_ws/src/install/turtlebot4_ignition_bringup/share/turtlebot4_ignition_bringup/local_setup.dsv
[0.556s] -- Installing: /home/manar/turtlebot4_ws/src/install/turtlebot4_ignition_bringup/share/turtlebot4_ignition_bringup/package.dsv
[0.556s] -- Installing: /home/manar/turtlebot4_ws/src/install/turtlebot4_ignition_bringup/share/ament_index/resource_index/packages/turtlebot4_ignition_bringup
[0.556s] -- Installing: /home/manar/turtlebot4_ws/src/install/turtlebot4_ignition_bringup/share/turtlebot4_ignition_bringup/cmake/turtlebot4_ignition_bringupConfig.cmake
[0.556s] -- Installing: /home/manar/turtlebot4_ws/src/install/turtlebot4_ignition_bringup/share/turtlebot4_ignition_bringup/cmake/turtlebot4_ignition_bringupConfig-version.cmake
[0.556s] -- Installing: /home/manar/turtlebot4_ws/src/install/turtlebot4_ignition_bringup/share/turtlebot4_ignition_bringup/package.xml
[0.558s] Invoked command in '/home/manar/turtlebot4_ws/src/build/turtlebot4_ignition_bringup' returned '0': AMENT_PREFIX_PATH=/home/manar/turtlebot4_ws/src/install/turtlebot4_ignition_toolbox:/home/manar/turtlebot4_ws/src/install/turtlebot4_ignition_gui_plugins:${AMENT_PREFIX_PATH} CMAKE_PREFIX_PATH=/home/manar/turtlebot4_ws/src/install/turtlebot4_ignition_toolbox:/home/manar/turtlebot4_ws/src/install/turtlebot4_ignition_gui_plugins:/opt/ros/humble /usr/bin/cmake --install /home/manar/turtlebot4_ws/src/build/turtlebot4_ignition_bringup
