[0.014s] Invoking command in '/home/manar/turtlebot4_ws/build/turtlebot4_ignition_bringup': CMAKE_PREFIX_PATH=/home/manar/turtlebot4_ws/install/turtlebot4_ignition_toolbox:/home/manar/turtlebot4_ws/install/turtlebot4_ignition_gui_plugins:/home/manar/turtlebot4_ws/install/turtlebot4_simulator:/home/manar/turtlebot4_ws/install/turtlebot4_ignition_bringup:/home/manar/turtlebot4_ws/install/turtlebot4_python_tutorials:/home/manar/turtlebot4_ws/install/roboflow_detection:/opt/ros/humble /usr/bin/cmake /home/manar/turtlebot4_ws/src/turtlebot4_simulator/turtlebot4_ignition_bringup -DAMENT_CMAKE_SYMLINK_INSTALL=1 -DCMAKE_INSTALL_PREFIX=/home/manar/turtlebot4_ws/install/turtlebot4_ignition_bringup
[0.085s] -- The C compiler identification is GNU 11.4.0
[0.160s] -- The CXX compiler identification is GNU 11.4.0
[0.169s] -- Detecting C compiler ABI info
[0.253s] -- Detecting C compiler ABI info - done
[0.261s] -- Check for working C compiler: /usr/bin/cc - skipped
[0.261s] -- Detecting C compile features
[0.261s] -- Detecting C compile features - done
[0.265s] -- Detecting CXX compiler ABI info
[0.366s] -- Detecting CXX compiler ABI info - done
[0.376s] -- Check for working CXX compiler: /usr/bin/c++ - skipped
[0.377s] -- Detecting CXX compile features
[0.377s] -- Detecting CXX compile features - done
[0.380s] -- Found ament_cmake: 1.3.11 (/opt/ros/humble/share/ament_cmake/cmake)
[0.603s] -- Found Python3: /usr/bin/python3 (found version "3.10.12") found components: Interpreter 
[0.688s] -- Override CMake install command with custom implementation using symlinks instead of copying resources
[0.728s] -- Found ros_ign_interfaces: 0.244.16 (/opt/ros/humble/share/ros_ign_interfaces/cmake)
[0.776s] -- Found rosidl_generator_c: 3.1.6 (/opt/ros/humble/share/rosidl_generator_c/cmake)
[0.786s] -- Found rosidl_adapter: 3.1.6 (/opt/ros/humble/share/rosidl_adapter/cmake)
[0.796s] -- Found rosidl_generator_cpp: 3.1.6 (/opt/ros/humble/share/rosidl_generator_cpp/cmake)
[0.814s] -- Using all available rosidl_typesupport_c: rosidl_typesupport_fastrtps_c;rosidl_typesupport_introspection_c
[0.838s] -- Using all available rosidl_typesupport_cpp: rosidl_typesupport_fastrtps_cpp;rosidl_typesupport_introspection_cpp
[0.961s] -- Found ament_lint_auto: 0.12.11 (/opt/ros/humble/share/ament_lint_auto/cmake)
[1.091s] -- Added test 'copyright' to check source files copyright and LICENSE
[1.094s] -- Added test 'flake8' to check Python code syntax and style conventions
[1.095s] -- Added test 'lint_cmake' to check CMake code style
[1.095s] -- Added test 'pep257' to check Python code against some of the docstring style conventions in PEP 257
[1.097s] -- Added test 'xmllint' to check XML markup files
[1.098s] -- Configuring done
[1.102s] -- Generating done
[1.104s] -- Build files have been written to: /home/manar/turtlebot4_ws/build/turtlebot4_ignition_bringup
[1.115s] Invoked command in '/home/manar/turtlebot4_ws/build/turtlebot4_ignition_bringup' returned '0': CMAKE_PREFIX_PATH=/home/manar/turtlebot4_ws/install/turtlebot4_ignition_toolbox:/home/manar/turtlebot4_ws/install/turtlebot4_ignition_gui_plugins:/home/manar/turtlebot4_ws/install/turtlebot4_simulator:/home/manar/turtlebot4_ws/install/turtlebot4_ignition_bringup:/home/manar/turtlebot4_ws/install/turtlebot4_python_tutorials:/home/manar/turtlebot4_ws/install/roboflow_detection:/opt/ros/humble /usr/bin/cmake /home/manar/turtlebot4_ws/src/turtlebot4_simulator/turtlebot4_ignition_bringup -DAMENT_CMAKE_SYMLINK_INSTALL=1 -DCMAKE_INSTALL_PREFIX=/home/manar/turtlebot4_ws/install/turtlebot4_ignition_bringup
[1.117s] Invoking command in '/home/manar/turtlebot4_ws/build/turtlebot4_ignition_bringup': CMAKE_PREFIX_PATH=/home/manar/turtlebot4_ws/install/turtlebot4_ignition_toolbox:/home/manar/turtlebot4_ws/install/turtlebot4_ignition_gui_plugins:/home/manar/turtlebot4_ws/install/turtlebot4_simulator:/home/manar/turtlebot4_ws/install/turtlebot4_ignition_bringup:/home/manar/turtlebot4_ws/install/turtlebot4_python_tutorials:/home/manar/turtlebot4_ws/install/roboflow_detection:/opt/ros/humble /usr/bin/cmake --build /home/manar/turtlebot4_ws/build/turtlebot4_ignition_bringup -- -j8 -l8
[1.169s] Invoked command in '/home/manar/turtlebot4_ws/build/turtlebot4_ignition_bringup' returned '0': CMAKE_PREFIX_PATH=/home/manar/turtlebot4_ws/install/turtlebot4_ignition_toolbox:/home/manar/turtlebot4_ws/install/turtlebot4_ignition_gui_plugins:/home/manar/turtlebot4_ws/install/turtlebot4_simulator:/home/manar/turtlebot4_ws/install/turtlebot4_ignition_bringup:/home/manar/turtlebot4_ws/install/turtlebot4_python_tutorials:/home/manar/turtlebot4_ws/install/roboflow_detection:/opt/ros/humble /usr/bin/cmake --build /home/manar/turtlebot4_ws/build/turtlebot4_ignition_bringup -- -j8 -l8
[1.171s] Invoking command in '/home/manar/turtlebot4_ws/build/turtlebot4_ignition_bringup': CMAKE_PREFIX_PATH=/home/manar/turtlebot4_ws/install/turtlebot4_ignition_toolbox:/home/manar/turtlebot4_ws/install/turtlebot4_ignition_gui_plugins:/home/manar/turtlebot4_ws/install/turtlebot4_simulator:/home/manar/turtlebot4_ws/install/turtlebot4_ignition_bringup:/home/manar/turtlebot4_ws/install/turtlebot4_python_tutorials:/home/manar/turtlebot4_ws/install/roboflow_detection:/opt/ros/humble /usr/bin/cmake --install /home/manar/turtlebot4_ws/build/turtlebot4_ignition_bringup
[1.181s] -- Install configuration: ""
[1.181s] -- Execute custom install script
[1.182s] -- Symlinking: /home/manar/turtlebot4_ws/install/turtlebot4_ignition_bringup/share/turtlebot4_ignition_bringup/config/turtlebot4_node.yaml
[1.192s] -- Symlinking: /home/manar/turtlebot4_ws/install/turtlebot4_ignition_bringup/share/turtlebot4_ignition_bringup/gui/lite/gui.config
[1.204s] -- Symlinking: /home/manar/turtlebot4_ws/install/turtlebot4_ignition_bringup/share/turtlebot4_ignition_bringup/gui/standard/gui.config
[1.217s] -- Symlinking: /home/manar/turtlebot4_ws/install/turtlebot4_ignition_bringup/share/turtlebot4_ignition_bringup/launch/ignition.launch.py
[1.231s] -- Symlinking: /home/manar/turtlebot4_ws/install/turtlebot4_ignition_bringup/share/turtlebot4_ignition_bringup/launch/ros_ign_bridge.launch.py
[1.240s] -- Symlinking: /home/manar/turtlebot4_ws/install/turtlebot4_ignition_bringup/share/turtlebot4_ignition_bringup/launch/turtlebot4_ignition.launch.py
[1.251s] -- Symlinking: /home/manar/turtlebot4_ws/install/turtlebot4_ignition_bringup/share/turtlebot4_ignition_bringup/launch/turtlebot4_nodes.launch.py
[1.260s] -- Symlinking: /home/manar/turtlebot4_ws/install/turtlebot4_ignition_bringup/share/turtlebot4_ignition_bringup/launch/turtlebot4_spawn.launch.py
[1.274s] -- Symlinking: /home/manar/turtlebot4_ws/install/turtlebot4_ignition_bringup/share/turtlebot4_ignition_bringup/worlds/depot.sdf
[1.283s] -- Symlinking: /home/manar/turtlebot4_ws/install/turtlebot4_ignition_bringup/share/turtlebot4_ignition_bringup/worlds/maze.sdf
[1.293s] -- Symlinking: /home/manar/turtlebot4_ws/install/turtlebot4_ignition_bringup/share/turtlebot4_ignition_bringup/worlds/warehouse.sdf
[1.304s] -- Symlinking: /home/manar/turtlebot4_ws/install/turtlebot4_ignition_bringup/share/ament_index/resource_index/package_run_dependencies/turtlebot4_ignition_bringup
[1.316s] -- Symlinking: /home/manar/turtlebot4_ws/install/turtlebot4_ignition_bringup/share/ament_index/resource_index/parent_prefix_path/turtlebot4_ignition_bringup
[1.331s] -- Symlinking: /home/manar/turtlebot4_ws/install/turtlebot4_ignition_bringup/share/turtlebot4_ignition_bringup/environment/ament_prefix_path.sh
[1.343s] -- Symlinking: /home/manar/turtlebot4_ws/install/turtlebot4_ignition_bringup/share/turtlebot4_ignition_bringup/environment/ament_prefix_path.dsv
[1.353s] -- Symlinking: /home/manar/turtlebot4_ws/install/turtlebot4_ignition_bringup/share/turtlebot4_ignition_bringup/environment/path.sh
[1.363s] -- Symlinking: /home/manar/turtlebot4_ws/install/turtlebot4_ignition_bringup/share/turtlebot4_ignition_bringup/environment/path.dsv
[1.374s] -- Symlinking: /home/manar/turtlebot4_ws/install/turtlebot4_ignition_bringup/share/turtlebot4_ignition_bringup/local_setup.bash
[1.385s] -- Symlinking: /home/manar/turtlebot4_ws/install/turtlebot4_ignition_bringup/share/turtlebot4_ignition_bringup/local_setup.sh
[1.396s] -- Symlinking: /home/manar/turtlebot4_ws/install/turtlebot4_ignition_bringup/share/turtlebot4_ignition_bringup/local_setup.zsh
[1.406s] -- Symlinking: /home/manar/turtlebot4_ws/install/turtlebot4_ignition_bringup/share/turtlebot4_ignition_bringup/local_setup.dsv
[1.415s] -- Symlinking: /home/manar/turtlebot4_ws/install/turtlebot4_ignition_bringup/share/turtlebot4_ignition_bringup/package.dsv
[1.426s] -- Symlinking: /home/manar/turtlebot4_ws/install/turtlebot4_ignition_bringup/share/ament_index/resource_index/packages/turtlebot4_ignition_bringup
[1.440s] -- Symlinking: /home/manar/turtlebot4_ws/install/turtlebot4_ignition_bringup/share/turtlebot4_ignition_bringup/cmake/turtlebot4_ignition_bringupConfig.cmake
[1.452s] -- Symlinking: /home/manar/turtlebot4_ws/install/turtlebot4_ignition_bringup/share/turtlebot4_ignition_bringup/cmake/turtlebot4_ignition_bringupConfig-version.cmake
[1.462s] -- Symlinking: /home/manar/turtlebot4_ws/install/turtlebot4_ignition_bringup/share/turtlebot4_ignition_bringup/package.xml
[1.474s] Invoked command in '/home/manar/turtlebot4_ws/build/turtlebot4_ignition_bringup' returned '0': CMAKE_PREFIX_PATH=/home/manar/turtlebot4_ws/install/turtlebot4_ignition_toolbox:/home/manar/turtlebot4_ws/install/turtlebot4_ignition_gui_plugins:/home/manar/turtlebot4_ws/install/turtlebot4_simulator:/home/manar/turtlebot4_ws/install/turtlebot4_ignition_bringup:/home/manar/turtlebot4_ws/install/turtlebot4_python_tutorials:/home/manar/turtlebot4_ws/install/roboflow_detection:/opt/ros/humble /usr/bin/cmake --install /home/manar/turtlebot4_ws/build/turtlebot4_ignition_bringup
