[0.128s] DEBUG:colcon:Command line arguments: ['/usr/bin/colcon', 'build', '--symlink-install']
[0.129s] DEBUG:colcon:Parsed command line arguments: Namespace(log_base=None, log_level=None, verb_name='build', build_base='build', install_base='install', merge_install=False, symlink_install=True, test_result_base=None, continue_on_error=False, executor='parallel', parallel_workers=8, event_handlers=None, ignore_user_meta=False, metas=['./colcon.meta'], base_paths=['.'], packages_ignore=None, packages_ignore_regex=None, paths=None, packages_up_to=None, packages_up_to_regex=None, packages_above=None, packages_above_and_dependencies=None, packages_above_depth=None, packages_select_by_dep=None, packages_skip_by_dep=None, packages_skip_up_to=None, packages_select_build_failed=False, packages_skip_build_finished=False, packages_select_test_failures=False, packages_skip_test_passed=False, packages_select=None, packages_skip=None, packages_select_regex=None, packages_skip_regex=None, packages_start=None, packages_end=None, allow_overriding=[], cmake_args=None, cmake_target=None, cmake_target_skip_unavailable=False, cmake_clean_cache=False, cmake_clean_first=False, cmake_force_configure=False, ament_cmake_args=None, catkin_cmake_args=None, catkin_skip_building_tests=False, mixin_files=None, mixin=None, verb_parser=<colcon_mixin.mixin.mixin_argument.MixinArgumentDecorator object at 0x7a2e6ec66ce0>, verb_extension=<colcon_core.verb.build.BuildVerb object at 0x7a2e6ec66650>, main=<bound method BuildVerb.main of <colcon_core.verb.build.BuildVerb object at 0x7a2e6ec66650>>, mixin_verb=('build',))
[0.365s] Level 1:colcon.colcon_core.package_discovery:discover_packages(colcon_meta) check parameters
[0.366s] Level 1:colcon.colcon_core.package_discovery:discover_packages(recursive) check parameters
[0.366s] Level 1:colcon.colcon_core.package_discovery:discover_packages(ignore) check parameters
[0.366s] Level 1:colcon.colcon_core.package_discovery:discover_packages(path) check parameters
[0.366s] Level 1:colcon.colcon_core.package_discovery:discover_packages(colcon_meta) discover
[0.366s] Level 1:colcon.colcon_core.package_discovery:discover_packages(recursive) discover
[0.366s] INFO:colcon.colcon_core.package_discovery:Crawling recursively for packages in '/home/manar/turtlebot4_ws'
[0.366s] Level 1:colcon.colcon_core.package_identification:_identify(.) by extensions ['ignore', 'ignore_ament_install']
[0.367s] Level 1:colcon.colcon_core.package_identification:_identify(.) by extension 'ignore'
[0.367s] Level 1:colcon.colcon_core.package_identification:_identify(.) by extension 'ignore_ament_install'
[0.367s] Level 1:colcon.colcon_core.package_identification:_identify(.) by extensions ['colcon_pkg']
[0.367s] Level 1:colcon.colcon_core.package_identification:_identify(.) by extension 'colcon_pkg'
[0.367s] Level 1:colcon.colcon_core.package_identification:_identify(.) by extensions ['colcon_meta']
[0.367s] Level 1:colcon.colcon_core.package_identification:_identify(.) by extension 'colcon_meta'
[0.367s] Level 1:colcon.colcon_core.package_identification:_identify(.) by extensions ['ros']
[0.367s] Level 1:colcon.colcon_core.package_identification:_identify(.) by extension 'ros'
[0.381s] Level 1:colcon.colcon_core.package_identification:_identify(.) by extensions ['cmake', 'python']
[0.381s] Level 1:colcon.colcon_core.package_identification:_identify(.) by extension 'cmake'
[0.381s] Level 1:colcon.colcon_core.package_identification:_identify(.) by extension 'python'
[0.381s] Level 1:colcon.colcon_core.package_identification:_identify(.) by extensions ['python_setup_py']
[0.381s] Level 1:colcon.colcon_core.package_identification:_identify(.) by extension 'python_setup_py'
[0.381s] Level 1:colcon.colcon_core.package_identification:_identify(build) by extensions ['ignore', 'ignore_ament_install']
[0.381s] Level 1:colcon.colcon_core.package_identification:_identify(build) by extension 'ignore'
[0.381s] Level 1:colcon.colcon_core.package_identification:_identify(build) ignored
[0.381s] Level 1:colcon.colcon_core.package_identification:_identify(install) by extensions ['ignore', 'ignore_ament_install']
[0.381s] Level 1:colcon.colcon_core.package_identification:_identify(install) by extension 'ignore'
[0.382s] Level 1:colcon.colcon_core.package_identification:_identify(install) ignored
[0.382s] Level 1:colcon.colcon_core.package_identification:_identify(log) by extensions ['ignore', 'ignore_ament_install']
[0.382s] Level 1:colcon.colcon_core.package_identification:_identify(log) by extension 'ignore'
[0.382s] Level 1:colcon.colcon_core.package_identification:_identify(log) ignored
[0.382s] Level 1:colcon.colcon_core.package_identification:_identify(src) by extensions ['ignore', 'ignore_ament_install']
[0.382s] Level 1:colcon.colcon_core.package_identification:_identify(src) by extension 'ignore'
[0.382s] Level 1:colcon.colcon_core.package_identification:_identify(src) by extension 'ignore_ament_install'
[0.382s] Level 1:colcon.colcon_core.package_identification:_identify(src) by extensions ['colcon_pkg']
[0.382s] Level 1:colcon.colcon_core.package_identification:_identify(src) by extension 'colcon_pkg'
[0.382s] Level 1:colcon.colcon_core.package_identification:_identify(src) by extensions ['colcon_meta']
[0.382s] Level 1:colcon.colcon_core.package_identification:_identify(src) by extension 'colcon_meta'
[0.382s] Level 1:colcon.colcon_core.package_identification:_identify(src) by extensions ['ros']
[0.382s] Level 1:colcon.colcon_core.package_identification:_identify(src) by extension 'ros'
[0.382s] Level 1:colcon.colcon_core.package_identification:_identify(src) by extensions ['cmake', 'python']
[0.382s] Level 1:colcon.colcon_core.package_identification:_identify(src) by extension 'cmake'
[0.382s] Level 1:colcon.colcon_core.package_identification:_identify(src) by extension 'python'
[0.382s] Level 1:colcon.colcon_core.package_identification:_identify(src) by extensions ['python_setup_py']
[0.382s] Level 1:colcon.colcon_core.package_identification:_identify(src) by extension 'python_setup_py'
[0.383s] Level 1:colcon.colcon_core.package_identification:_identify(src/build) by extensions ['ignore', 'ignore_ament_install']
[0.383s] Level 1:colcon.colcon_core.package_identification:_identify(src/build) by extension 'ignore'
[0.383s] Level 1:colcon.colcon_core.package_identification:_identify(src/build) ignored
[0.383s] Level 1:colcon.colcon_core.package_identification:_identify(src/install) by extensions ['ignore', 'ignore_ament_install']
[0.383s] Level 1:colcon.colcon_core.package_identification:_identify(src/install) by extension 'ignore'
[0.383s] Level 1:colcon.colcon_core.package_identification:_identify(src/install) ignored
[0.383s] Level 1:colcon.colcon_core.package_identification:_identify(src/log) by extensions ['ignore', 'ignore_ament_install']
[0.383s] Level 1:colcon.colcon_core.package_identification:_identify(src/log) by extension 'ignore'
[0.383s] Level 1:colcon.colcon_core.package_identification:_identify(src/log) ignored
[0.383s] Level 1:colcon.colcon_core.package_identification:_identify(src/roboflow_detection) by extensions ['ignore', 'ignore_ament_install']
[0.383s] Level 1:colcon.colcon_core.package_identification:_identify(src/roboflow_detection) by extension 'ignore'
[0.383s] Level 1:colcon.colcon_core.package_identification:_identify(src/roboflow_detection) by extension 'ignore_ament_install'
[0.383s] Level 1:colcon.colcon_core.package_identification:_identify(src/roboflow_detection) by extensions ['colcon_pkg']
[0.383s] Level 1:colcon.colcon_core.package_identification:_identify(src/roboflow_detection) by extension 'colcon_pkg'
[0.384s] Level 1:colcon.colcon_core.package_identification:_identify(src/roboflow_detection) by extensions ['colcon_meta']
[0.384s] Level 1:colcon.colcon_core.package_identification:_identify(src/roboflow_detection) by extension 'colcon_meta'
[0.384s] Level 1:colcon.colcon_core.package_identification:_identify(src/roboflow_detection) by extensions ['ros']
[0.384s] Level 1:colcon.colcon_core.package_identification:_identify(src/roboflow_detection) by extension 'ros'
[0.387s] DEBUG:colcon.colcon_core.package_identification:Package 'src/roboflow_detection' with type 'ros.ament_python' and name 'roboflow_detection'
[0.387s] Level 1:colcon.colcon_core.package_identification:_identify(src/turtlebot4_python_tutorials) by extensions ['ignore', 'ignore_ament_install']
[0.387s] Level 1:colcon.colcon_core.package_identification:_identify(src/turtlebot4_python_tutorials) by extension 'ignore'
[0.387s] Level 1:colcon.colcon_core.package_identification:_identify(src/turtlebot4_python_tutorials) by extension 'ignore_ament_install'
[0.387s] Level 1:colcon.colcon_core.package_identification:_identify(src/turtlebot4_python_tutorials) by extensions ['colcon_pkg']
[0.387s] Level 1:colcon.colcon_core.package_identification:_identify(src/turtlebot4_python_tutorials) by extension 'colcon_pkg'
[0.387s] Level 1:colcon.colcon_core.package_identification:_identify(src/turtlebot4_python_tutorials) by extensions ['colcon_meta']
[0.388s] Level 1:colcon.colcon_core.package_identification:_identify(src/turtlebot4_python_tutorials) by extension 'colcon_meta'
[0.388s] Level 1:colcon.colcon_core.package_identification:_identify(src/turtlebot4_python_tutorials) by extensions ['ros']
[0.388s] Level 1:colcon.colcon_core.package_identification:_identify(src/turtlebot4_python_tutorials) by extension 'ros'
[0.388s] DEBUG:colcon.colcon_core.package_identification:Package 'src/turtlebot4_python_tutorials' with type 'ros.ament_python' and name 'turtlebot4_python_tutorials'
[0.388s] Level 1:colcon.colcon_core.package_identification:_identify(src/turtlebot4_simulator) by extensions ['ignore', 'ignore_ament_install']
[0.388s] Level 1:colcon.colcon_core.package_identification:_identify(src/turtlebot4_simulator) by extension 'ignore'
[0.389s] Level 1:colcon.colcon_core.package_identification:_identify(src/turtlebot4_simulator) by extension 'ignore_ament_install'
[0.389s] Level 1:colcon.colcon_core.package_identification:_identify(src/turtlebot4_simulator) by extensions ['colcon_pkg']
[0.389s] Level 1:colcon.colcon_core.package_identification:_identify(src/turtlebot4_simulator) by extension 'colcon_pkg'
[0.389s] Level 1:colcon.colcon_core.package_identification:_identify(src/turtlebot4_simulator) by extensions ['colcon_meta']
[0.389s] Level 1:colcon.colcon_core.package_identification:_identify(src/turtlebot4_simulator) by extension 'colcon_meta'
[0.389s] Level 1:colcon.colcon_core.package_identification:_identify(src/turtlebot4_simulator) by extensions ['ros']
[0.389s] Level 1:colcon.colcon_core.package_identification:_identify(src/turtlebot4_simulator) by extension 'ros'
[0.389s] Level 1:colcon.colcon_core.package_identification:_identify(src/turtlebot4_simulator) by extensions ['cmake', 'python']
[0.389s] Level 1:colcon.colcon_core.package_identification:_identify(src/turtlebot4_simulator) by extension 'cmake'
[0.389s] Level 1:colcon.colcon_core.package_identification:_identify(src/turtlebot4_simulator) by extension 'python'
[0.389s] Level 1:colcon.colcon_core.package_identification:_identify(src/turtlebot4_simulator) by extensions ['python_setup_py']
[0.389s] Level 1:colcon.colcon_core.package_identification:_identify(src/turtlebot4_simulator) by extension 'python_setup_py'
[0.389s] Level 1:colcon.colcon_core.package_identification:_identify(src/turtlebot4_simulator/turtlebot4_ignition_bringup) by extensions ['ignore', 'ignore_ament_install']
[0.389s] Level 1:colcon.colcon_core.package_identification:_identify(src/turtlebot4_simulator/turtlebot4_ignition_bringup) by extension 'ignore'
[0.389s] Level 1:colcon.colcon_core.package_identification:_identify(src/turtlebot4_simulator/turtlebot4_ignition_bringup) by extension 'ignore_ament_install'
[0.389s] Level 1:colcon.colcon_core.package_identification:_identify(src/turtlebot4_simulator/turtlebot4_ignition_bringup) by extensions ['colcon_pkg']
[0.389s] Level 1:colcon.colcon_core.package_identification:_identify(src/turtlebot4_simulator/turtlebot4_ignition_bringup) by extension 'colcon_pkg'
[0.390s] Level 1:colcon.colcon_core.package_identification:_identify(src/turtlebot4_simulator/turtlebot4_ignition_bringup) by extensions ['colcon_meta']
[0.390s] Level 1:colcon.colcon_core.package_identification:_identify(src/turtlebot4_simulator/turtlebot4_ignition_bringup) by extension 'colcon_meta'
[0.390s] Level 1:colcon.colcon_core.package_identification:_identify(src/turtlebot4_simulator/turtlebot4_ignition_bringup) by extensions ['ros']
[0.390s] Level 1:colcon.colcon_core.package_identification:_identify(src/turtlebot4_simulator/turtlebot4_ignition_bringup) by extension 'ros'
[0.392s] DEBUG:colcon.colcon_core.package_identification:Package 'src/turtlebot4_simulator/turtlebot4_ignition_bringup' with type 'ros.ament_cmake' and name 'turtlebot4_ignition_bringup'
[0.392s] Level 1:colcon.colcon_core.package_identification:_identify(src/turtlebot4_simulator/turtlebot4_ignition_gui_plugins) by extensions ['ignore', 'ignore_ament_install']
[0.392s] Level 1:colcon.colcon_core.package_identification:_identify(src/turtlebot4_simulator/turtlebot4_ignition_gui_plugins) by extension 'ignore'
[0.392s] Level 1:colcon.colcon_core.package_identification:_identify(src/turtlebot4_simulator/turtlebot4_ignition_gui_plugins) by extension 'ignore_ament_install'
[0.392s] Level 1:colcon.colcon_core.package_identification:_identify(src/turtlebot4_simulator/turtlebot4_ignition_gui_plugins) by extensions ['colcon_pkg']
[0.392s] Level 1:colcon.colcon_core.package_identification:_identify(src/turtlebot4_simulator/turtlebot4_ignition_gui_plugins) by extension 'colcon_pkg'
[0.392s] Level 1:colcon.colcon_core.package_identification:_identify(src/turtlebot4_simulator/turtlebot4_ignition_gui_plugins) by extensions ['colcon_meta']
[0.392s] Level 1:colcon.colcon_core.package_identification:_identify(src/turtlebot4_simulator/turtlebot4_ignition_gui_plugins) by extension 'colcon_meta'
[0.392s] Level 1:colcon.colcon_core.package_identification:_identify(src/turtlebot4_simulator/turtlebot4_ignition_gui_plugins) by extensions ['ros']
[0.392s] Level 1:colcon.colcon_core.package_identification:_identify(src/turtlebot4_simulator/turtlebot4_ignition_gui_plugins) by extension 'ros'
[0.393s] DEBUG:colcon.colcon_core.package_identification:Package 'src/turtlebot4_simulator/turtlebot4_ignition_gui_plugins' with type 'ros.ament_cmake' and name 'turtlebot4_ignition_gui_plugins'
[0.393s] Level 1:colcon.colcon_core.package_identification:_identify(src/turtlebot4_simulator/turtlebot4_ignition_toolbox) by extensions ['ignore', 'ignore_ament_install']
[0.393s] Level 1:colcon.colcon_core.package_identification:_identify(src/turtlebot4_simulator/turtlebot4_ignition_toolbox) by extension 'ignore'
[0.393s] Level 1:colcon.colcon_core.package_identification:_identify(src/turtlebot4_simulator/turtlebot4_ignition_toolbox) by extension 'ignore_ament_install'
[0.393s] Level 1:colcon.colcon_core.package_identification:_identify(src/turtlebot4_simulator/turtlebot4_ignition_toolbox) by extensions ['colcon_pkg']
[0.393s] Level 1:colcon.colcon_core.package_identification:_identify(src/turtlebot4_simulator/turtlebot4_ignition_toolbox) by extension 'colcon_pkg'
[0.393s] Level 1:colcon.colcon_core.package_identification:_identify(src/turtlebot4_simulator/turtlebot4_ignition_toolbox) by extensions ['colcon_meta']
[0.393s] Level 1:colcon.colcon_core.package_identification:_identify(src/turtlebot4_simulator/turtlebot4_ignition_toolbox) by extension 'colcon_meta'
[0.393s] Level 1:colcon.colcon_core.package_identification:_identify(src/turtlebot4_simulator/turtlebot4_ignition_toolbox) by extensions ['ros']
[0.393s] Level 1:colcon.colcon_core.package_identification:_identify(src/turtlebot4_simulator/turtlebot4_ignition_toolbox) by extension 'ros'
[0.394s] DEBUG:colcon.colcon_core.package_identification:Package 'src/turtlebot4_simulator/turtlebot4_ignition_toolbox' with type 'ros.ament_cmake' and name 'turtlebot4_ignition_toolbox'
[0.394s] Level 1:colcon.colcon_core.package_identification:_identify(src/turtlebot4_simulator/turtlebot4_simulator) by extensions ['ignore', 'ignore_ament_install']
[0.394s] Level 1:colcon.colcon_core.package_identification:_identify(src/turtlebot4_simulator/turtlebot4_simulator) by extension 'ignore'
[0.394s] Level 1:colcon.colcon_core.package_identification:_identify(src/turtlebot4_simulator/turtlebot4_simulator) by extension 'ignore_ament_install'
[0.394s] Level 1:colcon.colcon_core.package_identification:_identify(src/turtlebot4_simulator/turtlebot4_simulator) by extensions ['colcon_pkg']
[0.395s] Level 1:colcon.colcon_core.package_identification:_identify(src/turtlebot4_simulator/turtlebot4_simulator) by extension 'colcon_pkg'
[0.395s] Level 1:colcon.colcon_core.package_identification:_identify(src/turtlebot4_simulator/turtlebot4_simulator) by extensions ['colcon_meta']
[0.395s] Level 1:colcon.colcon_core.package_identification:_identify(src/turtlebot4_simulator/turtlebot4_simulator) by extension 'colcon_meta'
[0.395s] Level 1:colcon.colcon_core.package_identification:_identify(src/turtlebot4_simulator/turtlebot4_simulator) by extensions ['ros']
[0.395s] Level 1:colcon.colcon_core.package_identification:_identify(src/turtlebot4_simulator/turtlebot4_simulator) by extension 'ros'
[0.395s] DEBUG:colcon.colcon_core.package_identification:Package 'src/turtlebot4_simulator/turtlebot4_simulator' with type 'ros.ament_cmake' and name 'turtlebot4_simulator'
[0.395s] Level 1:colcon.colcon_core.package_discovery:discover_packages(recursive) using defaults
[0.395s] Level 1:colcon.colcon_core.package_discovery:discover_packages(ignore) discover
[0.395s] Level 1:colcon.colcon_core.package_discovery:discover_packages(ignore) using defaults
[0.395s] Level 1:colcon.colcon_core.package_discovery:discover_packages(path) discover
[0.395s] Level 1:colcon.colcon_core.package_discovery:discover_packages(path) using defaults
[0.440s] Level 1:colcon.colcon_core.package_discovery:discover_packages(prefix_path) check parameters
[0.440s] Level 1:colcon.colcon_core.package_discovery:discover_packages(prefix_path) discover
[0.441s] WARNING:colcon.colcon_ros.prefix_path.ament:The path '/home/manar/turtlebot4_ws/install/turtlebot4_simulator' in the environment variable AMENT_PREFIX_PATH doesn't exist
[0.441s] WARNING:colcon.colcon_ros.prefix_path.ament:The path '/home/manar/turtlebot4_ws/install/turtlebot4_python_tutorials' in the environment variable AMENT_PREFIX_PATH doesn't exist
[0.441s] WARNING:colcon.colcon_ros.prefix_path.ament:The path '/home/manar/turtlebot4_ws/install/turtlebot4_ignition_bringup' in the environment variable AMENT_PREFIX_PATH doesn't exist
[0.441s] WARNING:colcon.colcon_ros.prefix_path.ament:The path '/home/manar/turtlebot4_ws/install/turtlebot4_ignition_toolbox' in the environment variable AMENT_PREFIX_PATH doesn't exist
[0.441s] WARNING:colcon.colcon_ros.prefix_path.ament:The path '/home/manar/turtlebot4_ws/install/turtlebot4_ignition_gui_plugins' in the environment variable AMENT_PREFIX_PATH doesn't exist
[0.441s] WARNING:colcon.colcon_ros.prefix_path.ament:The path '/home/manar/turtlebot4_ws/install/roboflow_detection' in the environment variable AMENT_PREFIX_PATH doesn't exist
[0.441s] WARNING:colcon.colcon_ros.prefix_path.catkin:The path '/home/manar/turtlebot4_ws/install/turtlebot4_simulator' in the environment variable CMAKE_PREFIX_PATH doesn't exist
[0.442s] WARNING:colcon.colcon_ros.prefix_path.catkin:The path '/home/manar/turtlebot4_ws/install/turtlebot4_ignition_bringup' in the environment variable CMAKE_PREFIX_PATH doesn't exist
[0.442s] WARNING:colcon.colcon_ros.prefix_path.catkin:The path '/home/manar/turtlebot4_ws/install/turtlebot4_ignition_toolbox' in the environment variable CMAKE_PREFIX_PATH doesn't exist
[0.442s] WARNING:colcon.colcon_ros.prefix_path.catkin:The path '/home/manar/turtlebot4_ws/install/turtlebot4_ignition_gui_plugins' in the environment variable CMAKE_PREFIX_PATH doesn't exist
[0.442s] DEBUG:colcon.colcon_installed_package_information.package_discovery:Found 0 installed packages in /home/manar/turtlebot4_ws/install
[0.443s] DEBUG:colcon.colcon_installed_package_information.package_discovery:Found 0 installed packages in /home/manar/camera/install
[0.443s] DEBUG:colcon.colcon_installed_package_information.package_discovery:Found 0 installed packages in /home/manar/robotinit/install
[0.445s] DEBUG:colcon.colcon_installed_package_information.package_discovery:Found 434 installed packages in /opt/ros/humble
[0.448s] Level 1:colcon.colcon_core.package_discovery:discover_packages(prefix_path) using defaults
[0.523s] Level 5:colcon.colcon_core.verb:set package 'roboflow_detection' build argument 'cmake_args' from command line to 'None'
[0.523s] Level 5:colcon.colcon_core.verb:set package 'roboflow_detection' build argument 'cmake_target' from command line to 'None'
[0.523s] Level 5:colcon.colcon_core.verb:set package 'roboflow_detection' build argument 'cmake_target_skip_unavailable' from command line to 'False'
[0.523s] Level 5:colcon.colcon_core.verb:set package 'roboflow_detection' build argument 'cmake_clean_cache' from command line to 'False'
[0.523s] Level 5:colcon.colcon_core.verb:set package 'roboflow_detection' build argument 'cmake_clean_first' from command line to 'False'
[0.523s] Level 5:colcon.colcon_core.verb:set package 'roboflow_detection' build argument 'cmake_force_configure' from command line to 'False'
[0.523s] Level 5:colcon.colcon_core.verb:set package 'roboflow_detection' build argument 'ament_cmake_args' from command line to 'None'
[0.523s] Level 5:colcon.colcon_core.verb:set package 'roboflow_detection' build argument 'catkin_cmake_args' from command line to 'None'
[0.523s] Level 5:colcon.colcon_core.verb:set package 'roboflow_detection' build argument 'catkin_skip_building_tests' from command line to 'False'
[0.523s] DEBUG:colcon.colcon_core.verb:Building package 'roboflow_detection' with the following arguments: {'ament_cmake_args': None, 'build_base': '/home/manar/turtlebot4_ws/build/roboflow_detection', 'catkin_cmake_args': None, 'catkin_skip_building_tests': False, 'cmake_args': None, 'cmake_clean_cache': False, 'cmake_clean_first': False, 'cmake_force_configure': False, 'cmake_target': None, 'cmake_target_skip_unavailable': False, 'install_base': '/home/manar/turtlebot4_ws/install/roboflow_detection', 'merge_install': False, 'path': '/home/manar/turtlebot4_ws/src/roboflow_detection', 'symlink_install': True, 'test_result_base': None}
[0.524s] Level 5:colcon.colcon_core.verb:set package 'turtlebot4_ignition_gui_plugins' build argument 'cmake_args' from command line to 'None'
[0.524s] Level 5:colcon.colcon_core.verb:set package 'turtlebot4_ignition_gui_plugins' build argument 'cmake_target' from command line to 'None'
[0.524s] Level 5:colcon.colcon_core.verb:set package 'turtlebot4_ignition_gui_plugins' build argument 'cmake_target_skip_unavailable' from command line to 'False'
[0.524s] Level 5:colcon.colcon_core.verb:set package 'turtlebot4_ignition_gui_plugins' build argument 'cmake_clean_cache' from command line to 'False'
[0.524s] Level 5:colcon.colcon_core.verb:set package 'turtlebot4_ignition_gui_plugins' build argument 'cmake_clean_first' from command line to 'False'
[0.524s] Level 5:colcon.colcon_core.verb:set package 'turtlebot4_ignition_gui_plugins' build argument 'cmake_force_configure' from command line to 'False'
[0.524s] Level 5:colcon.colcon_core.verb:set package 'turtlebot4_ignition_gui_plugins' build argument 'ament_cmake_args' from command line to 'None'
[0.524s] Level 5:colcon.colcon_core.verb:set package 'turtlebot4_ignition_gui_plugins' build argument 'catkin_cmake_args' from command line to 'None'
[0.524s] Level 5:colcon.colcon_core.verb:set package 'turtlebot4_ignition_gui_plugins' build argument 'catkin_skip_building_tests' from command line to 'False'
[0.524s] DEBUG:colcon.colcon_core.verb:Building package 'turtlebot4_ignition_gui_plugins' with the following arguments: {'ament_cmake_args': None, 'build_base': '/home/manar/turtlebot4_ws/build/turtlebot4_ignition_gui_plugins', 'catkin_cmake_args': None, 'catkin_skip_building_tests': False, 'cmake_args': None, 'cmake_clean_cache': False, 'cmake_clean_first': False, 'cmake_force_configure': False, 'cmake_target': None, 'cmake_target_skip_unavailable': False, 'install_base': '/home/manar/turtlebot4_ws/install/turtlebot4_ignition_gui_plugins', 'merge_install': False, 'path': '/home/manar/turtlebot4_ws/src/turtlebot4_simulator/turtlebot4_ignition_gui_plugins', 'symlink_install': True, 'test_result_base': None}
[0.524s] Level 5:colcon.colcon_core.verb:set package 'turtlebot4_ignition_toolbox' build argument 'cmake_args' from command line to 'None'
[0.524s] Level 5:colcon.colcon_core.verb:set package 'turtlebot4_ignition_toolbox' build argument 'cmake_target' from command line to 'None'
[0.524s] Level 5:colcon.colcon_core.verb:set package 'turtlebot4_ignition_toolbox' build argument 'cmake_target_skip_unavailable' from command line to 'False'
[0.524s] Level 5:colcon.colcon_core.verb:set package 'turtlebot4_ignition_toolbox' build argument 'cmake_clean_cache' from command line to 'False'
[0.525s] Level 5:colcon.colcon_core.verb:set package 'turtlebot4_ignition_toolbox' build argument 'cmake_clean_first' from command line to 'False'
[0.525s] Level 5:colcon.colcon_core.verb:set package 'turtlebot4_ignition_toolbox' build argument 'cmake_force_configure' from command line to 'False'
[0.525s] Level 5:colcon.colcon_core.verb:set package 'turtlebot4_ignition_toolbox' build argument 'ament_cmake_args' from command line to 'None'
[0.525s] Level 5:colcon.colcon_core.verb:set package 'turtlebot4_ignition_toolbox' build argument 'catkin_cmake_args' from command line to 'None'
[0.525s] Level 5:colcon.colcon_core.verb:set package 'turtlebot4_ignition_toolbox' build argument 'catkin_skip_building_tests' from command line to 'False'
[0.525s] DEBUG:colcon.colcon_core.verb:Building package 'turtlebot4_ignition_toolbox' with the following arguments: {'ament_cmake_args': None, 'build_base': '/home/manar/turtlebot4_ws/build/turtlebot4_ignition_toolbox', 'catkin_cmake_args': None, 'catkin_skip_building_tests': False, 'cmake_args': None, 'cmake_clean_cache': False, 'cmake_clean_first': False, 'cmake_force_configure': False, 'cmake_target': None, 'cmake_target_skip_unavailable': False, 'install_base': '/home/manar/turtlebot4_ws/install/turtlebot4_ignition_toolbox', 'merge_install': False, 'path': '/home/manar/turtlebot4_ws/src/turtlebot4_simulator/turtlebot4_ignition_toolbox', 'symlink_install': True, 'test_result_base': None}
[0.525s] Level 5:colcon.colcon_core.verb:set package 'turtlebot4_python_tutorials' build argument 'cmake_args' from command line to 'None'
[0.525s] Level 5:colcon.colcon_core.verb:set package 'turtlebot4_python_tutorials' build argument 'cmake_target' from command line to 'None'
[0.525s] Level 5:colcon.colcon_core.verb:set package 'turtlebot4_python_tutorials' build argument 'cmake_target_skip_unavailable' from command line to 'False'
[0.525s] Level 5:colcon.colcon_core.verb:set package 'turtlebot4_python_tutorials' build argument 'cmake_clean_cache' from command line to 'False'
[0.525s] Level 5:colcon.colcon_core.verb:set package 'turtlebot4_python_tutorials' build argument 'cmake_clean_first' from command line to 'False'
[0.525s] Level 5:colcon.colcon_core.verb:set package 'turtlebot4_python_tutorials' build argument 'cmake_force_configure' from command line to 'False'
[0.525s] Level 5:colcon.colcon_core.verb:set package 'turtlebot4_python_tutorials' build argument 'ament_cmake_args' from command line to 'None'
[0.525s] Level 5:colcon.colcon_core.verb:set package 'turtlebot4_python_tutorials' build argument 'catkin_cmake_args' from command line to 'None'
[0.525s] Level 5:colcon.colcon_core.verb:set package 'turtlebot4_python_tutorials' build argument 'catkin_skip_building_tests' from command line to 'False'
[0.525s] DEBUG:colcon.colcon_core.verb:Building package 'turtlebot4_python_tutorials' with the following arguments: {'ament_cmake_args': None, 'build_base': '/home/manar/turtlebot4_ws/build/turtlebot4_python_tutorials', 'catkin_cmake_args': None, 'catkin_skip_building_tests': False, 'cmake_args': None, 'cmake_clean_cache': False, 'cmake_clean_first': False, 'cmake_force_configure': False, 'cmake_target': None, 'cmake_target_skip_unavailable': False, 'install_base': '/home/manar/turtlebot4_ws/install/turtlebot4_python_tutorials', 'merge_install': False, 'path': '/home/manar/turtlebot4_ws/src/turtlebot4_python_tutorials', 'symlink_install': True, 'test_result_base': None}
[0.526s] Level 5:colcon.colcon_core.verb:set package 'turtlebot4_ignition_bringup' build argument 'cmake_args' from command line to 'None'
[0.526s] Level 5:colcon.colcon_core.verb:set package 'turtlebot4_ignition_bringup' build argument 'cmake_target' from command line to 'None'
[0.526s] Level 5:colcon.colcon_core.verb:set package 'turtlebot4_ignition_bringup' build argument 'cmake_target_skip_unavailable' from command line to 'False'
[0.526s] Level 5:colcon.colcon_core.verb:set package 'turtlebot4_ignition_bringup' build argument 'cmake_clean_cache' from command line to 'False'
[0.526s] Level 5:colcon.colcon_core.verb:set package 'turtlebot4_ignition_bringup' build argument 'cmake_clean_first' from command line to 'False'
[0.526s] Level 5:colcon.colcon_core.verb:set package 'turtlebot4_ignition_bringup' build argument 'cmake_force_configure' from command line to 'False'
[0.526s] Level 5:colcon.colcon_core.verb:set package 'turtlebot4_ignition_bringup' build argument 'ament_cmake_args' from command line to 'None'
[0.526s] Level 5:colcon.colcon_core.verb:set package 'turtlebot4_ignition_bringup' build argument 'catkin_cmake_args' from command line to 'None'
[0.526s] Level 5:colcon.colcon_core.verb:set package 'turtlebot4_ignition_bringup' build argument 'catkin_skip_building_tests' from command line to 'False'
[0.526s] DEBUG:colcon.colcon_core.verb:Building package 'turtlebot4_ignition_bringup' with the following arguments: {'ament_cmake_args': None, 'build_base': '/home/manar/turtlebot4_ws/build/turtlebot4_ignition_bringup', 'catkin_cmake_args': None, 'catkin_skip_building_tests': False, 'cmake_args': None, 'cmake_clean_cache': False, 'cmake_clean_first': False, 'cmake_force_configure': False, 'cmake_target': None, 'cmake_target_skip_unavailable': False, 'install_base': '/home/manar/turtlebot4_ws/install/turtlebot4_ignition_bringup', 'merge_install': False, 'path': '/home/manar/turtlebot4_ws/src/turtlebot4_simulator/turtlebot4_ignition_bringup', 'symlink_install': True, 'test_result_base': None}
[0.526s] Level 5:colcon.colcon_core.verb:set package 'turtlebot4_simulator' build argument 'cmake_args' from command line to 'None'
[0.526s] Level 5:colcon.colcon_core.verb:set package 'turtlebot4_simulator' build argument 'cmake_target' from command line to 'None'
[0.526s] Level 5:colcon.colcon_core.verb:set package 'turtlebot4_simulator' build argument 'cmake_target_skip_unavailable' from command line to 'False'
[0.526s] Level 5:colcon.colcon_core.verb:set package 'turtlebot4_simulator' build argument 'cmake_clean_cache' from command line to 'False'
[0.526s] Level 5:colcon.colcon_core.verb:set package 'turtlebot4_simulator' build argument 'cmake_clean_first' from command line to 'False'
[0.526s] Level 5:colcon.colcon_core.verb:set package 'turtlebot4_simulator' build argument 'cmake_force_configure' from command line to 'False'
[0.526s] Level 5:colcon.colcon_core.verb:set package 'turtlebot4_simulator' build argument 'ament_cmake_args' from command line to 'None'
[0.526s] Level 5:colcon.colcon_core.verb:set package 'turtlebot4_simulator' build argument 'catkin_cmake_args' from command line to 'None'
[0.526s] Level 5:colcon.colcon_core.verb:set package 'turtlebot4_simulator' build argument 'catkin_skip_building_tests' from command line to 'False'
[0.526s] DEBUG:colcon.colcon_core.verb:Building package 'turtlebot4_simulator' with the following arguments: {'ament_cmake_args': None, 'build_base': '/home/manar/turtlebot4_ws/build/turtlebot4_simulator', 'catkin_cmake_args': None, 'catkin_skip_building_tests': False, 'cmake_args': None, 'cmake_clean_cache': False, 'cmake_clean_first': False, 'cmake_force_configure': False, 'cmake_target': None, 'cmake_target_skip_unavailable': False, 'install_base': '/home/manar/turtlebot4_ws/install/turtlebot4_simulator', 'merge_install': False, 'path': '/home/manar/turtlebot4_ws/src/turtlebot4_simulator/turtlebot4_simulator', 'symlink_install': True, 'test_result_base': None}
[0.527s] INFO:colcon.colcon_core.executor:Executing jobs using 'parallel' executor
[0.528s] DEBUG:colcon.colcon_parallel_executor.executor.parallel:run_until_complete
[0.528s] INFO:colcon.colcon_ros.task.ament_cmake.build:Building ROS package in '/home/manar/turtlebot4_ws/src/turtlebot4_simulator/turtlebot4_ignition_gui_plugins' with build type 'ament_cmake'
[0.529s] INFO:colcon.colcon_cmake.task.cmake.build:Building CMake package in '/home/manar/turtlebot4_ws/src/turtlebot4_simulator/turtlebot4_ignition_gui_plugins'
[0.531s] INFO:colcon.colcon_core.plugin_system:Skipping extension 'colcon_core.shell.bat': Not used on non-Windows systems
[0.531s] INFO:colcon.colcon_core.shell:Skip shell extension 'powershell' for command environment: Not usable outside of PowerShell
[0.531s] DEBUG:colcon.colcon_core.shell:Skip shell extension 'dsv' for command environment
[0.537s] INFO:colcon.colcon_ros.task.ament_cmake.build:Building ROS package in '/home/manar/turtlebot4_ws/src/turtlebot4_simulator/turtlebot4_ignition_toolbox' with build type 'ament_cmake'
[0.537s] INFO:colcon.colcon_cmake.task.cmake.build:Building CMake package in '/home/manar/turtlebot4_ws/src/turtlebot4_simulator/turtlebot4_ignition_toolbox'
[0.537s] INFO:colcon.colcon_core.shell:Skip shell extension 'powershell' for command environment: Not usable outside of PowerShell
[0.537s] DEBUG:colcon.colcon_core.shell:Skip shell extension 'dsv' for command environment
[0.542s] INFO:colcon.colcon_ros.task.ament_python.build:Building ROS package in '/home/manar/turtlebot4_ws/src/roboflow_detection' with build type 'ament_python'
[0.542s] Level 1:colcon.colcon_core.shell:create_environment_hook('roboflow_detection', 'ament_prefix_path')
[0.542s] INFO:colcon.colcon_core.shell:Creating environment hook '/home/manar/turtlebot4_ws/install/roboflow_detection/share/roboflow_detection/hook/ament_prefix_path.ps1'
[0.543s] INFO:colcon.colcon_core.shell:Creating environment descriptor '/home/manar/turtlebot4_ws/install/roboflow_detection/share/roboflow_detection/hook/ament_prefix_path.dsv'
[0.543s] INFO:colcon.colcon_core.shell:Creating environment hook '/home/manar/turtlebot4_ws/install/roboflow_detection/share/roboflow_detection/hook/ament_prefix_path.sh'
[0.544s] INFO:colcon.colcon_core.shell:Skip shell extension 'powershell' for command environment: Not usable outside of PowerShell
[0.544s] DEBUG:colcon.colcon_core.shell:Skip shell extension 'dsv' for command environment
[0.548s] INFO:colcon.colcon_ros.task.ament_python.build:Building ROS package in '/home/manar/turtlebot4_ws/src/turtlebot4_python_tutorials' with build type 'ament_python'
[0.548s] Level 1:colcon.colcon_core.shell:create_environment_hook('turtlebot4_python_tutorials', 'ament_prefix_path')
[0.548s] INFO:colcon.colcon_core.shell:Creating environment hook '/home/manar/turtlebot4_ws/install/turtlebot4_python_tutorials/share/turtlebot4_python_tutorials/hook/ament_prefix_path.ps1'
[0.549s] INFO:colcon.colcon_core.shell:Creating environment descriptor '/home/manar/turtlebot4_ws/install/turtlebot4_python_tutorials/share/turtlebot4_python_tutorials/hook/ament_prefix_path.dsv'
[0.549s] INFO:colcon.colcon_core.shell:Creating environment hook '/home/manar/turtlebot4_ws/install/turtlebot4_python_tutorials/share/turtlebot4_python_tutorials/hook/ament_prefix_path.sh'
[0.550s] INFO:colcon.colcon_core.shell:Skip shell extension 'powershell' for command environment: Not usable outside of PowerShell
[0.550s] DEBUG:colcon.colcon_core.shell:Skip shell extension 'dsv' for command environment
[0.563s] DEBUG:colcon.colcon_core.event_handler.log_command:Invoking command in '/home/manar/turtlebot4_ws/build/turtlebot4_ignition_gui_plugins': CMAKE_PREFIX_PATH=${CMAKE_PREFIX_PATH}:/home/manar/turtlebot4_ws/install/turtlebot4_python_tutorials:/home/manar/turtlebot4_ws/install/roboflow_detection:/opt/ros/humble /usr/bin/cmake /home/manar/turtlebot4_ws/src/turtlebot4_simulator/turtlebot4_ignition_gui_plugins -DAMENT_CMAKE_SYMLINK_INSTALL=1 -DCMAKE_INSTALL_PREFIX=/home/manar/turtlebot4_ws/install/turtlebot4_ignition_gui_plugins
[0.570s] DEBUG:colcon.colcon_core.event_handler.log_command:Invoking command in '/home/manar/turtlebot4_ws/build/turtlebot4_ignition_toolbox': CMAKE_PREFIX_PATH=${CMAKE_PREFIX_PATH}:/home/manar/turtlebot4_ws/install/turtlebot4_python_tutorials:/home/manar/turtlebot4_ws/install/roboflow_detection:/opt/ros/humble /usr/bin/cmake /home/manar/turtlebot4_ws/src/turtlebot4_simulator/turtlebot4_ignition_toolbox -DAMENT_CMAKE_SYMLINK_INSTALL=1 -DCMAKE_INSTALL_PREFIX=/home/manar/turtlebot4_ws/install/turtlebot4_ignition_toolbox
[1.063s] INFO:colcon.colcon_core.task.python.build:Building Python package in '/home/manar/turtlebot4_ws/src/roboflow_detection'
[1.064s] INFO:colcon.colcon_core.shell:Skip shell extension 'powershell' for command environment: Not usable outside of PowerShell
[1.064s] DEBUG:colcon.colcon_core.shell:Skip shell extension 'dsv' for command environment
[1.531s] INFO:colcon.colcon_core.task.python.build:Building Python package in '/home/manar/turtlebot4_ws/src/turtlebot4_python_tutorials'
[1.531s] INFO:colcon.colcon_core.shell:Skip shell extension 'powershell' for command environment: Not usable outside of PowerShell
[1.531s] DEBUG:colcon.colcon_core.shell:Skip shell extension 'dsv' for command environment
[2.252s] DEBUG:colcon.colcon_core.event_handler.log_command:Invoking command in '/home/manar/turtlebot4_ws/build/roboflow_detection': PYTHONPATH=/home/manar/turtlebot4_ws/build/roboflow_detection/prefix_override:/usr/lib/python3/dist-packages/colcon_core/task/python/colcon_distutils_commands:/home/manar/turtlebot4_ws/install/roboflow_detection/lib/python3.10/site-packages:${PYTHONPATH} /usr/bin/python3 -W ignore:setup.py install is deprecated -W ignore:easy_install command is deprecated setup.py develop --editable --build-directory /home/manar/turtlebot4_ws/build/roboflow_detection/build --no-deps symlink_data
[2.276s] DEBUG:colcon.colcon_core.event_handler.log_command:Invoking command in '/home/manar/turtlebot4_ws/build/turtlebot4_python_tutorials': PYTHONPATH=/home/manar/turtlebot4_ws/build/turtlebot4_python_tutorials/prefix_override:/usr/lib/python3/dist-packages/colcon_core/task/python/colcon_distutils_commands:/home/manar/turtlebot4_ws/install/turtlebot4_python_tutorials/lib/python3.10/site-packages:${PYTHONPATH} /usr/bin/python3 -W ignore:setup.py install is deprecated -W ignore:easy_install command is deprecated setup.py develop --editable --build-directory /home/manar/turtlebot4_ws/build/turtlebot4_python_tutorials/build --no-deps symlink_data
[2.841s] DEBUG:colcon.colcon_core.event_handler.log_command:Invoked command in '/home/manar/turtlebot4_ws/build/turtlebot4_ignition_gui_plugins' returned '0': CMAKE_PREFIX_PATH=${CMAKE_PREFIX_PATH}:/home/manar/turtlebot4_ws/install/turtlebot4_python_tutorials:/home/manar/turtlebot4_ws/install/roboflow_detection:/opt/ros/humble /usr/bin/cmake /home/manar/turtlebot4_ws/src/turtlebot4_simulator/turtlebot4_ignition_gui_plugins -DAMENT_CMAKE_SYMLINK_INSTALL=1 -DCMAKE_INSTALL_PREFIX=/home/manar/turtlebot4_ws/install/turtlebot4_ignition_gui_plugins
[2.847s] DEBUG:colcon.colcon_core.event_handler.log_command:Invoking command in '/home/manar/turtlebot4_ws/build/turtlebot4_ignition_gui_plugins': CMAKE_PREFIX_PATH=${CMAKE_PREFIX_PATH}:/home/manar/turtlebot4_ws/install/turtlebot4_python_tutorials:/home/manar/turtlebot4_ws/install/roboflow_detection:/opt/ros/humble /usr/bin/cmake --build /home/manar/turtlebot4_ws/build/turtlebot4_ignition_gui_plugins -- -j8 -l8
[2.959s] DEBUG:colcon.colcon_core.event_handler.log_command:Invoked command in '/home/manar/turtlebot4_ws/build/turtlebot4_ignition_toolbox' returned '0': CMAKE_PREFIX_PATH=${CMAKE_PREFIX_PATH}:/home/manar/turtlebot4_ws/install/turtlebot4_python_tutorials:/home/manar/turtlebot4_ws/install/roboflow_detection:/opt/ros/humble /usr/bin/cmake /home/manar/turtlebot4_ws/src/turtlebot4_simulator/turtlebot4_ignition_toolbox -DAMENT_CMAKE_SYMLINK_INSTALL=1 -DCMAKE_INSTALL_PREFIX=/home/manar/turtlebot4_ws/install/turtlebot4_ignition_toolbox
[2.969s] DEBUG:colcon.colcon_core.event_handler.log_command:Invoking command in '/home/manar/turtlebot4_ws/build/turtlebot4_ignition_toolbox': CMAKE_PREFIX_PATH=${CMAKE_PREFIX_PATH}:/home/manar/turtlebot4_ws/install/turtlebot4_python_tutorials:/home/manar/turtlebot4_ws/install/roboflow_detection:/opt/ros/humble /usr/bin/cmake --build /home/manar/turtlebot4_ws/build/turtlebot4_ignition_toolbox -- -j8 -l8
[3.417s] Level 1:colcon.colcon_core.shell:create_environment_hook('roboflow_detection', 'pythonpath_develop')
[3.417s] INFO:colcon.colcon_core.shell:Creating environment hook '/home/manar/turtlebot4_ws/build/roboflow_detection/share/roboflow_detection/hook/pythonpath_develop.ps1'
[3.418s] INFO:colcon.colcon_core.shell:Creating environment descriptor '/home/manar/turtlebot4_ws/build/roboflow_detection/share/roboflow_detection/hook/pythonpath_develop.dsv'
[3.419s] INFO:colcon.colcon_core.shell:Creating environment hook '/home/manar/turtlebot4_ws/build/roboflow_detection/share/roboflow_detection/hook/pythonpath_develop.sh'
[3.422s] DEBUG:colcon.colcon_core.event_handler.log_command:Invoked command in '/home/manar/turtlebot4_ws/build/roboflow_detection' returned '0': PYTHONPATH=/home/manar/turtlebot4_ws/build/roboflow_detection/prefix_override:/usr/lib/python3/dist-packages/colcon_core/task/python/colcon_distutils_commands:/home/manar/turtlebot4_ws/install/roboflow_detection/lib/python3.10/site-packages:${PYTHONPATH} /usr/bin/python3 -W ignore:setup.py install is deprecated -W ignore:easy_install command is deprecated setup.py develop --editable --build-directory /home/manar/turtlebot4_ws/build/roboflow_detection/build --no-deps symlink_data
[3.426s] Level 1:colcon.colcon_core.environment:checking '/home/manar/turtlebot4_ws/install/roboflow_detection' for CMake module files
[3.427s] Level 1:colcon.colcon_core.environment:checking '/home/manar/turtlebot4_ws/install/roboflow_detection' for CMake config files
[3.430s] Level 1:colcon.colcon_core.environment:checking '/home/manar/turtlebot4_ws/install/roboflow_detection/lib'
[3.431s] Level 1:colcon.colcon_core.environment:checking '/home/manar/turtlebot4_ws/install/roboflow_detection/bin'
[3.431s] Level 1:colcon.colcon_core.environment:checking '/home/manar/turtlebot4_ws/install/roboflow_detection/lib/pkgconfig/roboflow_detection.pc'
[3.433s] Level 1:colcon.colcon_core.environment:checking '/home/manar/turtlebot4_ws/install/roboflow_detection/lib/python3.10/site-packages'
[3.433s] Level 1:colcon.colcon_core.shell:create_environment_hook('roboflow_detection', 'pythonpath')
[3.434s] INFO:colcon.colcon_core.shell:Creating environment hook '/home/manar/turtlebot4_ws/install/roboflow_detection/share/roboflow_detection/hook/pythonpath.ps1'
[3.435s] INFO:colcon.colcon_core.shell:Creating environment descriptor '/home/manar/turtlebot4_ws/install/roboflow_detection/share/roboflow_detection/hook/pythonpath.dsv'
[3.435s] INFO:colcon.colcon_core.shell:Creating environment hook '/home/manar/turtlebot4_ws/install/roboflow_detection/share/roboflow_detection/hook/pythonpath.sh'
[3.437s] Level 1:colcon.colcon_core.environment:checking '/home/manar/turtlebot4_ws/install/roboflow_detection/bin'
[3.437s] Level 1:colcon.colcon_core.environment:create_environment_scripts_only(roboflow_detection)
[3.437s] INFO:colcon.colcon_core.shell:Creating package script '/home/manar/turtlebot4_ws/install/roboflow_detection/share/roboflow_detection/package.ps1'
[3.439s] INFO:colcon.colcon_core.shell:Creating package descriptor '/home/manar/turtlebot4_ws/install/roboflow_detection/share/roboflow_detection/package.dsv'
[3.440s] INFO:colcon.colcon_core.shell:Creating package script '/home/manar/turtlebot4_ws/install/roboflow_detection/share/roboflow_detection/package.sh'
[3.442s] INFO:colcon.colcon_core.shell:Creating package script '/home/manar/turtlebot4_ws/install/roboflow_detection/share/roboflow_detection/package.bash'
[3.443s] INFO:colcon.colcon_core.shell:Creating package script '/home/manar/turtlebot4_ws/install/roboflow_detection/share/roboflow_detection/package.zsh'
[3.445s] Level 1:colcon.colcon_core.environment:create_file_with_runtime_dependencies(/home/manar/turtlebot4_ws/install/roboflow_detection/share/colcon-core/packages/roboflow_detection)
[3.473s] Level 1:colcon.colcon_core.shell:create_environment_hook('turtlebot4_python_tutorials', 'pythonpath_develop')
[3.473s] INFO:colcon.colcon_core.shell:Creating environment hook '/home/manar/turtlebot4_ws/build/turtlebot4_python_tutorials/share/turtlebot4_python_tutorials/hook/pythonpath_develop.ps1'
[3.474s] DEBUG:colcon.colcon_core.event_handler.log_command:Invoked command in '/home/manar/turtlebot4_ws/build/turtlebot4_python_tutorials' returned '0': PYTHONPATH=/home/manar/turtlebot4_ws/build/turtlebot4_python_tutorials/prefix_override:/usr/lib/python3/dist-packages/colcon_core/task/python/colcon_distutils_commands:/home/manar/turtlebot4_ws/install/turtlebot4_python_tutorials/lib/python3.10/site-packages:${PYTHONPATH} /usr/bin/python3 -W ignore:setup.py install is deprecated -W ignore:easy_install command is deprecated setup.py develop --editable --build-directory /home/manar/turtlebot4_ws/build/turtlebot4_python_tutorials/build --no-deps symlink_data
[3.475s] INFO:colcon.colcon_core.shell:Creating environment descriptor '/home/manar/turtlebot4_ws/build/turtlebot4_python_tutorials/share/turtlebot4_python_tutorials/hook/pythonpath_develop.dsv'
[3.476s] INFO:colcon.colcon_core.shell:Creating environment hook '/home/manar/turtlebot4_ws/build/turtlebot4_python_tutorials/share/turtlebot4_python_tutorials/hook/pythonpath_develop.sh'
[3.477s] Level 1:colcon.colcon_core.environment:checking '/home/manar/turtlebot4_ws/install/turtlebot4_python_tutorials' for CMake module files
[3.480s] Level 1:colcon.colcon_core.environment:checking '/home/manar/turtlebot4_ws/install/turtlebot4_python_tutorials' for CMake config files
[3.481s] Level 1:colcon.colcon_core.environment:checking '/home/manar/turtlebot4_ws/install/turtlebot4_python_tutorials/lib'
[3.481s] Level 1:colcon.colcon_core.environment:checking '/home/manar/turtlebot4_ws/install/turtlebot4_python_tutorials/bin'
[3.481s] Level 1:colcon.colcon_core.environment:checking '/home/manar/turtlebot4_ws/install/turtlebot4_python_tutorials/lib/pkgconfig/turtlebot4_python_tutorials.pc'
[3.481s] Level 1:colcon.colcon_core.environment:checking '/home/manar/turtlebot4_ws/install/turtlebot4_python_tutorials/lib/python3.10/site-packages'
[3.481s] Level 1:colcon.colcon_core.shell:create_environment_hook('turtlebot4_python_tutorials', 'pythonpath')
[3.482s] INFO:colcon.colcon_core.shell:Creating environment hook '/home/manar/turtlebot4_ws/install/turtlebot4_python_tutorials/share/turtlebot4_python_tutorials/hook/pythonpath.ps1'
[3.492s] INFO:colcon.colcon_core.shell:Creating environment descriptor '/home/manar/turtlebot4_ws/install/turtlebot4_python_tutorials/share/turtlebot4_python_tutorials/hook/pythonpath.dsv'
[3.494s] INFO:colcon.colcon_core.shell:Creating environment hook '/home/manar/turtlebot4_ws/install/turtlebot4_python_tutorials/share/turtlebot4_python_tutorials/hook/pythonpath.sh'
[3.498s] Level 1:colcon.colcon_core.environment:checking '/home/manar/turtlebot4_ws/install/turtlebot4_python_tutorials/bin'
[3.499s] Level 1:colcon.colcon_core.environment:create_environment_scripts_only(turtlebot4_python_tutorials)
[3.502s] INFO:colcon.colcon_core.shell:Creating package script '/home/manar/turtlebot4_ws/install/turtlebot4_python_tutorials/share/turtlebot4_python_tutorials/package.ps1'
[3.504s] INFO:colcon.colcon_core.shell:Creating package descriptor '/home/manar/turtlebot4_ws/install/turtlebot4_python_tutorials/share/turtlebot4_python_tutorials/package.dsv'
[3.506s] INFO:colcon.colcon_core.shell:Creating package script '/home/manar/turtlebot4_ws/install/turtlebot4_python_tutorials/share/turtlebot4_python_tutorials/package.sh'
[3.506s] INFO:colcon.colcon_core.shell:Creating package script '/home/manar/turtlebot4_ws/install/turtlebot4_python_tutorials/share/turtlebot4_python_tutorials/package.bash'
[3.507s] INFO:colcon.colcon_core.shell:Creating package script '/home/manar/turtlebot4_ws/install/turtlebot4_python_tutorials/share/turtlebot4_python_tutorials/package.zsh'
[3.508s] Level 1:colcon.colcon_core.environment:create_file_with_runtime_dependencies(/home/manar/turtlebot4_ws/install/turtlebot4_python_tutorials/share/colcon-core/packages/turtlebot4_python_tutorials)
[29.587s] DEBUG:colcon.colcon_core.event_handler.log_command:Invoked command in '/home/manar/turtlebot4_ws/build/turtlebot4_ignition_gui_plugins' returned '0': CMAKE_PREFIX_PATH=${CMAKE_PREFIX_PATH}:/home/manar/turtlebot4_ws/install/turtlebot4_python_tutorials:/home/manar/turtlebot4_ws/install/roboflow_detection:/opt/ros/humble /usr/bin/cmake --build /home/manar/turtlebot4_ws/build/turtlebot4_ignition_gui_plugins -- -j8 -l8
[29.602s] DEBUG:colcon.colcon_core.event_handler.log_command:Invoking command in '/home/manar/turtlebot4_ws/build/turtlebot4_ignition_gui_plugins': CMAKE_PREFIX_PATH=${CMAKE_PREFIX_PATH}:/home/manar/turtlebot4_ws/install/turtlebot4_python_tutorials:/home/manar/turtlebot4_ws/install/roboflow_detection:/opt/ros/humble /usr/bin/cmake --install /home/manar/turtlebot4_ws/build/turtlebot4_ignition_gui_plugins
[29.822s] Level 1:colcon.colcon_core.environment:create_environment_scripts_only(turtlebot4_ignition_gui_plugins)
[29.823s] Level 1:colcon.colcon_core.environment:checking '/home/manar/turtlebot4_ws/install/turtlebot4_ignition_gui_plugins' for CMake module files
[29.823s] DEBUG:colcon.colcon_core.event_handler.log_command:Invoked command in '/home/manar/turtlebot4_ws/build/turtlebot4_ignition_gui_plugins' returned '0': CMAKE_PREFIX_PATH=${CMAKE_PREFIX_PATH}:/home/manar/turtlebot4_ws/install/turtlebot4_python_tutorials:/home/manar/turtlebot4_ws/install/roboflow_detection:/opt/ros/humble /usr/bin/cmake --install /home/manar/turtlebot4_ws/build/turtlebot4_ignition_gui_plugins
[29.824s] Level 1:colcon.colcon_core.environment:checking '/home/manar/turtlebot4_ws/install/turtlebot4_ignition_gui_plugins' for CMake config files
[29.824s] Level 1:colcon.colcon_core.shell:create_environment_hook('turtlebot4_ignition_gui_plugins', 'cmake_prefix_path')
[29.825s] INFO:colcon.colcon_core.shell:Creating environment hook '/home/manar/turtlebot4_ws/install/turtlebot4_ignition_gui_plugins/share/turtlebot4_ignition_gui_plugins/hook/cmake_prefix_path.ps1'
[29.825s] INFO:colcon.colcon_core.shell:Creating environment descriptor '/home/manar/turtlebot4_ws/install/turtlebot4_ignition_gui_plugins/share/turtlebot4_ignition_gui_plugins/hook/cmake_prefix_path.dsv'
[29.825s] INFO:colcon.colcon_core.shell:Creating environment hook '/home/manar/turtlebot4_ws/install/turtlebot4_ignition_gui_plugins/share/turtlebot4_ignition_gui_plugins/hook/cmake_prefix_path.sh'
[29.826s] Level 1:colcon.colcon_core.environment:checking '/home/manar/turtlebot4_ws/install/turtlebot4_ignition_gui_plugins/bin'
[29.826s] Level 1:colcon.colcon_core.environment:checking '/home/manar/turtlebot4_ws/install/turtlebot4_ignition_gui_plugins/lib/pkgconfig/turtlebot4_ignition_gui_plugins.pc'
[29.826s] Level 1:colcon.colcon_core.environment:checking '/home/manar/turtlebot4_ws/install/turtlebot4_ignition_gui_plugins/lib/python3.10/site-packages'
[29.827s] Level 1:colcon.colcon_core.environment:checking '/home/manar/turtlebot4_ws/install/turtlebot4_ignition_gui_plugins/bin'
[29.827s] INFO:colcon.colcon_core.shell:Creating package script '/home/manar/turtlebot4_ws/install/turtlebot4_ignition_gui_plugins/share/turtlebot4_ignition_gui_plugins/package.ps1'
[29.828s] INFO:colcon.colcon_core.shell:Creating package descriptor '/home/manar/turtlebot4_ws/install/turtlebot4_ignition_gui_plugins/share/turtlebot4_ignition_gui_plugins/package.dsv'
[29.828s] INFO:colcon.colcon_core.shell:Creating package script '/home/manar/turtlebot4_ws/install/turtlebot4_ignition_gui_plugins/share/turtlebot4_ignition_gui_plugins/package.sh'
[29.829s] INFO:colcon.colcon_core.shell:Creating package script '/home/manar/turtlebot4_ws/install/turtlebot4_ignition_gui_plugins/share/turtlebot4_ignition_gui_plugins/package.bash'
[29.829s] INFO:colcon.colcon_core.shell:Creating package script '/home/manar/turtlebot4_ws/install/turtlebot4_ignition_gui_plugins/share/turtlebot4_ignition_gui_plugins/package.zsh'
[29.830s] Level 1:colcon.colcon_core.environment:create_file_with_runtime_dependencies(/home/manar/turtlebot4_ws/install/turtlebot4_ignition_gui_plugins/share/colcon-core/packages/turtlebot4_ignition_gui_plugins)
[29.832s] Level 1:colcon.colcon_core.environment:create_environment_scripts_only(turtlebot4_ignition_gui_plugins)
[29.832s] Level 1:colcon.colcon_core.environment:checking '/home/manar/turtlebot4_ws/install/turtlebot4_ignition_gui_plugins' for CMake module files
[29.833s] Level 1:colcon.colcon_core.environment:checking '/home/manar/turtlebot4_ws/install/turtlebot4_ignition_gui_plugins' for CMake config files
[29.833s] Level 1:colcon.colcon_core.shell:create_environment_hook('turtlebot4_ignition_gui_plugins', 'cmake_prefix_path')
[29.834s] INFO:colcon.colcon_core.shell:Creating environment hook '/home/manar/turtlebot4_ws/install/turtlebot4_ignition_gui_plugins/share/turtlebot4_ignition_gui_plugins/hook/cmake_prefix_path.ps1'
[29.834s] INFO:colcon.colcon_core.shell:Creating environment descriptor '/home/manar/turtlebot4_ws/install/turtlebot4_ignition_gui_plugins/share/turtlebot4_ignition_gui_plugins/hook/cmake_prefix_path.dsv'
[29.835s] INFO:colcon.colcon_core.shell:Creating environment hook '/home/manar/turtlebot4_ws/install/turtlebot4_ignition_gui_plugins/share/turtlebot4_ignition_gui_plugins/hook/cmake_prefix_path.sh'
[29.835s] Level 1:colcon.colcon_core.environment:checking '/home/manar/turtlebot4_ws/install/turtlebot4_ignition_gui_plugins/bin'
[29.835s] Level 1:colcon.colcon_core.environment:checking '/home/manar/turtlebot4_ws/install/turtlebot4_ignition_gui_plugins/lib/pkgconfig/turtlebot4_ignition_gui_plugins.pc'
[29.836s] Level 1:colcon.colcon_core.environment:checking '/home/manar/turtlebot4_ws/install/turtlebot4_ignition_gui_plugins/lib/python3.10/site-packages'
[29.836s] Level 1:colcon.colcon_core.environment:checking '/home/manar/turtlebot4_ws/install/turtlebot4_ignition_gui_plugins/bin'
[29.836s] INFO:colcon.colcon_core.shell:Creating package script '/home/manar/turtlebot4_ws/install/turtlebot4_ignition_gui_plugins/share/turtlebot4_ignition_gui_plugins/package.ps1'
[29.837s] INFO:colcon.colcon_core.shell:Creating package descriptor '/home/manar/turtlebot4_ws/install/turtlebot4_ignition_gui_plugins/share/turtlebot4_ignition_gui_plugins/package.dsv'
[29.837s] INFO:colcon.colcon_core.shell:Creating package script '/home/manar/turtlebot4_ws/install/turtlebot4_ignition_gui_plugins/share/turtlebot4_ignition_gui_plugins/package.sh'
[29.837s] INFO:colcon.colcon_core.shell:Creating package script '/home/manar/turtlebot4_ws/install/turtlebot4_ignition_gui_plugins/share/turtlebot4_ignition_gui_plugins/package.bash'
[29.838s] INFO:colcon.colcon_core.shell:Creating package script '/home/manar/turtlebot4_ws/install/turtlebot4_ignition_gui_plugins/share/turtlebot4_ignition_gui_plugins/package.zsh'
[29.838s] Level 1:colcon.colcon_core.environment:create_file_with_runtime_dependencies(/home/manar/turtlebot4_ws/install/turtlebot4_ignition_gui_plugins/share/colcon-core/packages/turtlebot4_ignition_gui_plugins)
[32.163s] DEBUG:colcon.colcon_core.event_handler.log_command:Invoked command in '/home/manar/turtlebot4_ws/build/turtlebot4_ignition_toolbox' returned '0': CMAKE_PREFIX_PATH=${CMAKE_PREFIX_PATH}:/home/manar/turtlebot4_ws/install/turtlebot4_python_tutorials:/home/manar/turtlebot4_ws/install/roboflow_detection:/opt/ros/humble /usr/bin/cmake --build /home/manar/turtlebot4_ws/build/turtlebot4_ignition_toolbox -- -j8 -l8
[32.166s] DEBUG:colcon.colcon_core.event_handler.log_command:Invoking command in '/home/manar/turtlebot4_ws/build/turtlebot4_ignition_toolbox': CMAKE_PREFIX_PATH=${CMAKE_PREFIX_PATH}:/home/manar/turtlebot4_ws/install/turtlebot4_python_tutorials:/home/manar/turtlebot4_ws/install/roboflow_detection:/opt/ros/humble /usr/bin/cmake --install /home/manar/turtlebot4_ws/build/turtlebot4_ignition_toolbox
[32.366s] Level 1:colcon.colcon_core.environment:create_environment_scripts_only(turtlebot4_ignition_toolbox)
[32.367s] Level 1:colcon.colcon_core.environment:checking '/home/manar/turtlebot4_ws/install/turtlebot4_ignition_toolbox' for CMake module files
[32.367s] DEBUG:colcon.colcon_core.event_handler.log_command:Invoked command in '/home/manar/turtlebot4_ws/build/turtlebot4_ignition_toolbox' returned '0': CMAKE_PREFIX_PATH=${CMAKE_PREFIX_PATH}:/home/manar/turtlebot4_ws/install/turtlebot4_python_tutorials:/home/manar/turtlebot4_ws/install/roboflow_detection:/opt/ros/humble /usr/bin/cmake --install /home/manar/turtlebot4_ws/build/turtlebot4_ignition_toolbox
[32.368s] Level 1:colcon.colcon_core.environment:checking '/home/manar/turtlebot4_ws/install/turtlebot4_ignition_toolbox' for CMake config files
[32.368s] Level 1:colcon.colcon_core.shell:create_environment_hook('turtlebot4_ignition_toolbox', 'cmake_prefix_path')
[32.369s] INFO:colcon.colcon_core.shell:Creating environment hook '/home/manar/turtlebot4_ws/install/turtlebot4_ignition_toolbox/share/turtlebot4_ignition_toolbox/hook/cmake_prefix_path.ps1'
[32.369s] INFO:colcon.colcon_core.shell:Creating environment descriptor '/home/manar/turtlebot4_ws/install/turtlebot4_ignition_toolbox/share/turtlebot4_ignition_toolbox/hook/cmake_prefix_path.dsv'
[32.370s] INFO:colcon.colcon_core.shell:Creating environment hook '/home/manar/turtlebot4_ws/install/turtlebot4_ignition_toolbox/share/turtlebot4_ignition_toolbox/hook/cmake_prefix_path.sh'
[32.371s] Level 1:colcon.colcon_core.environment:checking '/home/manar/turtlebot4_ws/install/turtlebot4_ignition_toolbox/lib'
[32.371s] Level 1:colcon.colcon_core.environment:checking '/home/manar/turtlebot4_ws/install/turtlebot4_ignition_toolbox/bin'
[32.371s] Level 1:colcon.colcon_core.environment:checking '/home/manar/turtlebot4_ws/install/turtlebot4_ignition_toolbox/lib/pkgconfig/turtlebot4_ignition_toolbox.pc'
[32.372s] Level 1:colcon.colcon_core.environment:checking '/home/manar/turtlebot4_ws/install/turtlebot4_ignition_toolbox/lib/python3.10/site-packages'
[32.372s] Level 1:colcon.colcon_core.environment:checking '/home/manar/turtlebot4_ws/install/turtlebot4_ignition_toolbox/bin'
[32.373s] INFO:colcon.colcon_core.shell:Creating package script '/home/manar/turtlebot4_ws/install/turtlebot4_ignition_toolbox/share/turtlebot4_ignition_toolbox/package.ps1'
[32.374s] INFO:colcon.colcon_core.shell:Creating package descriptor '/home/manar/turtlebot4_ws/install/turtlebot4_ignition_toolbox/share/turtlebot4_ignition_toolbox/package.dsv'
[32.375s] INFO:colcon.colcon_core.shell:Creating package script '/home/manar/turtlebot4_ws/install/turtlebot4_ignition_toolbox/share/turtlebot4_ignition_toolbox/package.sh'
[32.376s] INFO:colcon.colcon_core.shell:Creating package script '/home/manar/turtlebot4_ws/install/turtlebot4_ignition_toolbox/share/turtlebot4_ignition_toolbox/package.bash'
[32.376s] INFO:colcon.colcon_core.shell:Creating package script '/home/manar/turtlebot4_ws/install/turtlebot4_ignition_toolbox/share/turtlebot4_ignition_toolbox/package.zsh'
[32.377s] Level 1:colcon.colcon_core.environment:create_file_with_runtime_dependencies(/home/manar/turtlebot4_ws/install/turtlebot4_ignition_toolbox/share/colcon-core/packages/turtlebot4_ignition_toolbox)
[32.378s] Level 1:colcon.colcon_core.environment:create_environment_scripts_only(turtlebot4_ignition_toolbox)
[32.378s] Level 1:colcon.colcon_core.environment:checking '/home/manar/turtlebot4_ws/install/turtlebot4_ignition_toolbox' for CMake module files
[32.379s] Level 1:colcon.colcon_core.environment:checking '/home/manar/turtlebot4_ws/install/turtlebot4_ignition_toolbox' for CMake config files
[32.379s] Level 1:colcon.colcon_core.shell:create_environment_hook('turtlebot4_ignition_toolbox', 'cmake_prefix_path')
[32.380s] INFO:colcon.colcon_core.shell:Creating environment hook '/home/manar/turtlebot4_ws/install/turtlebot4_ignition_toolbox/share/turtlebot4_ignition_toolbox/hook/cmake_prefix_path.ps1'
[32.381s] INFO:colcon.colcon_core.shell:Creating environment descriptor '/home/manar/turtlebot4_ws/install/turtlebot4_ignition_toolbox/share/turtlebot4_ignition_toolbox/hook/cmake_prefix_path.dsv'
[32.381s] INFO:colcon.colcon_core.shell:Creating environment hook '/home/manar/turtlebot4_ws/install/turtlebot4_ignition_toolbox/share/turtlebot4_ignition_toolbox/hook/cmake_prefix_path.sh'
[32.382s] Level 1:colcon.colcon_core.environment:checking '/home/manar/turtlebot4_ws/install/turtlebot4_ignition_toolbox/lib'
[32.382s] Level 1:colcon.colcon_core.environment:checking '/home/manar/turtlebot4_ws/install/turtlebot4_ignition_toolbox/bin'
[32.382s] Level 1:colcon.colcon_core.environment:checking '/home/manar/turtlebot4_ws/install/turtlebot4_ignition_toolbox/lib/pkgconfig/turtlebot4_ignition_toolbox.pc'
[32.382s] Level 1:colcon.colcon_core.environment:checking '/home/manar/turtlebot4_ws/install/turtlebot4_ignition_toolbox/lib/python3.10/site-packages'
[32.383s] Level 1:colcon.colcon_core.environment:checking '/home/manar/turtlebot4_ws/install/turtlebot4_ignition_toolbox/bin'
[32.383s] INFO:colcon.colcon_core.shell:Creating package script '/home/manar/turtlebot4_ws/install/turtlebot4_ignition_toolbox/share/turtlebot4_ignition_toolbox/package.ps1'
[32.385s] INFO:colcon.colcon_core.shell:Creating package descriptor '/home/manar/turtlebot4_ws/install/turtlebot4_ignition_toolbox/share/turtlebot4_ignition_toolbox/package.dsv'
[32.385s] INFO:colcon.colcon_core.shell:Creating package script '/home/manar/turtlebot4_ws/install/turtlebot4_ignition_toolbox/share/turtlebot4_ignition_toolbox/package.sh'
[32.386s] INFO:colcon.colcon_core.shell:Creating package script '/home/manar/turtlebot4_ws/install/turtlebot4_ignition_toolbox/share/turtlebot4_ignition_toolbox/package.bash'
[32.386s] INFO:colcon.colcon_core.shell:Creating package script '/home/manar/turtlebot4_ws/install/turtlebot4_ignition_toolbox/share/turtlebot4_ignition_toolbox/package.zsh'
[32.387s] Level 1:colcon.colcon_core.environment:create_file_with_runtime_dependencies(/home/manar/turtlebot4_ws/install/turtlebot4_ignition_toolbox/share/colcon-core/packages/turtlebot4_ignition_toolbox)
[32.387s] INFO:colcon.colcon_ros.task.ament_cmake.build:Building ROS package in '/home/manar/turtlebot4_ws/src/turtlebot4_simulator/turtlebot4_ignition_bringup' with build type 'ament_cmake'
[32.388s] INFO:colcon.colcon_cmake.task.cmake.build:Building CMake package in '/home/manar/turtlebot4_ws/src/turtlebot4_simulator/turtlebot4_ignition_bringup'
[32.388s] INFO:colcon.colcon_core.shell:Skip shell extension 'powershell' for command environment: Not usable outside of PowerShell
[32.389s] DEBUG:colcon.colcon_core.shell:Skip shell extension 'dsv' for command environment
[32.404s] DEBUG:colcon.colcon_core.event_handler.log_command:Invoking command in '/home/manar/turtlebot4_ws/build/turtlebot4_ignition_bringup': CMAKE_PREFIX_PATH=/home/manar/turtlebot4_ws/install/turtlebot4_ignition_toolbox:/home/manar/turtlebot4_ws/install/turtlebot4_ignition_gui_plugins:/home/manar/turtlebot4_ws/install/turtlebot4_simulator:/home/manar/turtlebot4_ws/install/turtlebot4_ignition_bringup:/home/manar/turtlebot4_ws/install/turtlebot4_python_tutorials:/home/manar/turtlebot4_ws/install/roboflow_detection:/opt/ros/humble /usr/bin/cmake /home/manar/turtlebot4_ws/src/turtlebot4_simulator/turtlebot4_ignition_bringup -DAMENT_CMAKE_SYMLINK_INSTALL=1 -DCMAKE_INSTALL_PREFIX=/home/manar/turtlebot4_ws/install/turtlebot4_ignition_bringup
[33.505s] DEBUG:colcon.colcon_core.event_handler.log_command:Invoked command in '/home/manar/turtlebot4_ws/build/turtlebot4_ignition_bringup' returned '0': CMAKE_PREFIX_PATH=/home/manar/turtlebot4_ws/install/turtlebot4_ignition_toolbox:/home/manar/turtlebot4_ws/install/turtlebot4_ignition_gui_plugins:/home/manar/turtlebot4_ws/install/turtlebot4_simulator:/home/manar/turtlebot4_ws/install/turtlebot4_ignition_bringup:/home/manar/turtlebot4_ws/install/turtlebot4_python_tutorials:/home/manar/turtlebot4_ws/install/roboflow_detection:/opt/ros/humble /usr/bin/cmake /home/manar/turtlebot4_ws/src/turtlebot4_simulator/turtlebot4_ignition_bringup -DAMENT_CMAKE_SYMLINK_INSTALL=1 -DCMAKE_INSTALL_PREFIX=/home/manar/turtlebot4_ws/install/turtlebot4_ignition_bringup
[33.507s] DEBUG:colcon.colcon_core.event_handler.log_command:Invoking command in '/home/manar/turtlebot4_ws/build/turtlebot4_ignition_bringup': CMAKE_PREFIX_PATH=/home/manar/turtlebot4_ws/install/turtlebot4_ignition_toolbox:/home/manar/turtlebot4_ws/install/turtlebot4_ignition_gui_plugins:/home/manar/turtlebot4_ws/install/turtlebot4_simulator:/home/manar/turtlebot4_ws/install/turtlebot4_ignition_bringup:/home/manar/turtlebot4_ws/install/turtlebot4_python_tutorials:/home/manar/turtlebot4_ws/install/roboflow_detection:/opt/ros/humble /usr/bin/cmake --build /home/manar/turtlebot4_ws/build/turtlebot4_ignition_bringup -- -j8 -l8
[33.559s] DEBUG:colcon.colcon_core.event_handler.log_command:Invoked command in '/home/manar/turtlebot4_ws/build/turtlebot4_ignition_bringup' returned '0': CMAKE_PREFIX_PATH=/home/manar/turtlebot4_ws/install/turtlebot4_ignition_toolbox:/home/manar/turtlebot4_ws/install/turtlebot4_ignition_gui_plugins:/home/manar/turtlebot4_ws/install/turtlebot4_simulator:/home/manar/turtlebot4_ws/install/turtlebot4_ignition_bringup:/home/manar/turtlebot4_ws/install/turtlebot4_python_tutorials:/home/manar/turtlebot4_ws/install/roboflow_detection:/opt/ros/humble /usr/bin/cmake --build /home/manar/turtlebot4_ws/build/turtlebot4_ignition_bringup -- -j8 -l8
[33.561s] DEBUG:colcon.colcon_core.event_handler.log_command:Invoking command in '/home/manar/turtlebot4_ws/build/turtlebot4_ignition_bringup': CMAKE_PREFIX_PATH=/home/manar/turtlebot4_ws/install/turtlebot4_ignition_toolbox:/home/manar/turtlebot4_ws/install/turtlebot4_ignition_gui_plugins:/home/manar/turtlebot4_ws/install/turtlebot4_simulator:/home/manar/turtlebot4_ws/install/turtlebot4_ignition_bringup:/home/manar/turtlebot4_ws/install/turtlebot4_python_tutorials:/home/manar/turtlebot4_ws/install/roboflow_detection:/opt/ros/humble /usr/bin/cmake --install /home/manar/turtlebot4_ws/build/turtlebot4_ignition_bringup
[33.862s] Level 1:colcon.colcon_core.environment:create_environment_scripts_only(turtlebot4_ignition_bringup)
[33.863s] Level 1:colcon.colcon_core.environment:checking '/home/manar/turtlebot4_ws/install/turtlebot4_ignition_bringup' for CMake module files
[33.864s] DEBUG:colcon.colcon_core.event_handler.log_command:Invoked command in '/home/manar/turtlebot4_ws/build/turtlebot4_ignition_bringup' returned '0': CMAKE_PREFIX_PATH=/home/manar/turtlebot4_ws/install/turtlebot4_ignition_toolbox:/home/manar/turtlebot4_ws/install/turtlebot4_ignition_gui_plugins:/home/manar/turtlebot4_ws/install/turtlebot4_simulator:/home/manar/turtlebot4_ws/install/turtlebot4_ignition_bringup:/home/manar/turtlebot4_ws/install/turtlebot4_python_tutorials:/home/manar/turtlebot4_ws/install/roboflow_detection:/opt/ros/humble /usr/bin/cmake --install /home/manar/turtlebot4_ws/build/turtlebot4_ignition_bringup
[33.864s] Level 1:colcon.colcon_core.environment:checking '/home/manar/turtlebot4_ws/install/turtlebot4_ignition_bringup' for CMake config files
[33.865s] Level 1:colcon.colcon_core.shell:create_environment_hook('turtlebot4_ignition_bringup', 'cmake_prefix_path')
[33.865s] INFO:colcon.colcon_core.shell:Creating environment hook '/home/manar/turtlebot4_ws/install/turtlebot4_ignition_bringup/share/turtlebot4_ignition_bringup/hook/cmake_prefix_path.ps1'
[33.865s] INFO:colcon.colcon_core.shell:Creating environment descriptor '/home/manar/turtlebot4_ws/install/turtlebot4_ignition_bringup/share/turtlebot4_ignition_bringup/hook/cmake_prefix_path.dsv'
[33.866s] INFO:colcon.colcon_core.shell:Creating environment hook '/home/manar/turtlebot4_ws/install/turtlebot4_ignition_bringup/share/turtlebot4_ignition_bringup/hook/cmake_prefix_path.sh'
[33.866s] Level 1:colcon.colcon_core.environment:checking '/home/manar/turtlebot4_ws/install/turtlebot4_ignition_bringup/bin'
[33.866s] Level 1:colcon.colcon_core.environment:checking '/home/manar/turtlebot4_ws/install/turtlebot4_ignition_bringup/lib/pkgconfig/turtlebot4_ignition_bringup.pc'
[33.867s] Level 1:colcon.colcon_core.environment:checking '/home/manar/turtlebot4_ws/install/turtlebot4_ignition_bringup/lib/python3.10/site-packages'
[33.867s] Level 1:colcon.colcon_core.environment:checking '/home/manar/turtlebot4_ws/install/turtlebot4_ignition_bringup/bin'
[33.867s] INFO:colcon.colcon_core.shell:Creating package script '/home/manar/turtlebot4_ws/install/turtlebot4_ignition_bringup/share/turtlebot4_ignition_bringup/package.ps1'
[33.868s] INFO:colcon.colcon_core.shell:Creating package descriptor '/home/manar/turtlebot4_ws/install/turtlebot4_ignition_bringup/share/turtlebot4_ignition_bringup/package.dsv'
[33.868s] INFO:colcon.colcon_core.shell:Creating package script '/home/manar/turtlebot4_ws/install/turtlebot4_ignition_bringup/share/turtlebot4_ignition_bringup/package.sh'
[33.868s] INFO:colcon.colcon_core.shell:Creating package script '/home/manar/turtlebot4_ws/install/turtlebot4_ignition_bringup/share/turtlebot4_ignition_bringup/package.bash'
[33.869s] INFO:colcon.colcon_core.shell:Creating package script '/home/manar/turtlebot4_ws/install/turtlebot4_ignition_bringup/share/turtlebot4_ignition_bringup/package.zsh'
[33.869s] Level 1:colcon.colcon_core.environment:create_file_with_runtime_dependencies(/home/manar/turtlebot4_ws/install/turtlebot4_ignition_bringup/share/colcon-core/packages/turtlebot4_ignition_bringup)
[33.870s] Level 1:colcon.colcon_core.environment:create_environment_scripts_only(turtlebot4_ignition_bringup)
[33.870s] Level 1:colcon.colcon_core.environment:checking '/home/manar/turtlebot4_ws/install/turtlebot4_ignition_bringup' for CMake module files
[33.870s] Level 1:colcon.colcon_core.environment:checking '/home/manar/turtlebot4_ws/install/turtlebot4_ignition_bringup' for CMake config files
[33.871s] Level 1:colcon.colcon_core.shell:create_environment_hook('turtlebot4_ignition_bringup', 'cmake_prefix_path')
[33.871s] INFO:colcon.colcon_core.shell:Creating environment hook '/home/manar/turtlebot4_ws/install/turtlebot4_ignition_bringup/share/turtlebot4_ignition_bringup/hook/cmake_prefix_path.ps1'
[33.872s] INFO:colcon.colcon_core.shell:Creating environment descriptor '/home/manar/turtlebot4_ws/install/turtlebot4_ignition_bringup/share/turtlebot4_ignition_bringup/hook/cmake_prefix_path.dsv'
[33.872s] INFO:colcon.colcon_core.shell:Creating environment hook '/home/manar/turtlebot4_ws/install/turtlebot4_ignition_bringup/share/turtlebot4_ignition_bringup/hook/cmake_prefix_path.sh'
[33.873s] Level 1:colcon.colcon_core.environment:checking '/home/manar/turtlebot4_ws/install/turtlebot4_ignition_bringup/bin'
[33.873s] Level 1:colcon.colcon_core.environment:checking '/home/manar/turtlebot4_ws/install/turtlebot4_ignition_bringup/lib/pkgconfig/turtlebot4_ignition_bringup.pc'
[33.874s] Level 1:colcon.colcon_core.environment:checking '/home/manar/turtlebot4_ws/install/turtlebot4_ignition_bringup/lib/python3.10/site-packages'
[33.874s] Level 1:colcon.colcon_core.environment:checking '/home/manar/turtlebot4_ws/install/turtlebot4_ignition_bringup/bin'
[33.874s] INFO:colcon.colcon_core.shell:Creating package script '/home/manar/turtlebot4_ws/install/turtlebot4_ignition_bringup/share/turtlebot4_ignition_bringup/package.ps1'
[33.875s] INFO:colcon.colcon_core.shell:Creating package descriptor '/home/manar/turtlebot4_ws/install/turtlebot4_ignition_bringup/share/turtlebot4_ignition_bringup/package.dsv'
[33.876s] INFO:colcon.colcon_core.shell:Creating package script '/home/manar/turtlebot4_ws/install/turtlebot4_ignition_bringup/share/turtlebot4_ignition_bringup/package.sh'
[33.876s] INFO:colcon.colcon_core.shell:Creating package script '/home/manar/turtlebot4_ws/install/turtlebot4_ignition_bringup/share/turtlebot4_ignition_bringup/package.bash'
[33.877s] INFO:colcon.colcon_core.shell:Creating package script '/home/manar/turtlebot4_ws/install/turtlebot4_ignition_bringup/share/turtlebot4_ignition_bringup/package.zsh'
[33.877s] Level 1:colcon.colcon_core.environment:create_file_with_runtime_dependencies(/home/manar/turtlebot4_ws/install/turtlebot4_ignition_bringup/share/colcon-core/packages/turtlebot4_ignition_bringup)
[33.878s] INFO:colcon.colcon_ros.task.ament_cmake.build:Building ROS package in '/home/manar/turtlebot4_ws/src/turtlebot4_simulator/turtlebot4_simulator' with build type 'ament_cmake'
[33.878s] INFO:colcon.colcon_cmake.task.cmake.build:Building CMake package in '/home/manar/turtlebot4_ws/src/turtlebot4_simulator/turtlebot4_simulator'
[33.878s] INFO:colcon.colcon_core.shell:Skip shell extension 'powershell' for command environment: Not usable outside of PowerShell
[33.878s] DEBUG:colcon.colcon_core.shell:Skip shell extension 'dsv' for command environment
[33.894s] DEBUG:colcon.colcon_core.event_handler.log_command:Invoking command in '/home/manar/turtlebot4_ws/build/turtlebot4_simulator': CMAKE_PREFIX_PATH=/home/manar/turtlebot4_ws/install/turtlebot4_ignition_bringup:/home/manar/turtlebot4_ws/install/turtlebot4_ignition_toolbox:/home/manar/turtlebot4_ws/install/turtlebot4_ignition_gui_plugins:/home/manar/turtlebot4_ws/install/turtlebot4_simulator:/home/manar/turtlebot4_ws/install/turtlebot4_python_tutorials:/home/manar/turtlebot4_ws/install/roboflow_detection:/opt/ros/humble /usr/bin/cmake /home/manar/turtlebot4_ws/src/turtlebot4_simulator/turtlebot4_simulator -DAMENT_CMAKE_SYMLINK_INSTALL=1 -DCMAKE_INSTALL_PREFIX=/home/manar/turtlebot4_ws/install/turtlebot4_simulator
[34.738s] DEBUG:colcon.colcon_core.event_handler.log_command:Invoked command in '/home/manar/turtlebot4_ws/build/turtlebot4_simulator' returned '0': CMAKE_PREFIX_PATH=/home/manar/turtlebot4_ws/install/turtlebot4_ignition_bringup:/home/manar/turtlebot4_ws/install/turtlebot4_ignition_toolbox:/home/manar/turtlebot4_ws/install/turtlebot4_ignition_gui_plugins:/home/manar/turtlebot4_ws/install/turtlebot4_simulator:/home/manar/turtlebot4_ws/install/turtlebot4_python_tutorials:/home/manar/turtlebot4_ws/install/roboflow_detection:/opt/ros/humble /usr/bin/cmake /home/manar/turtlebot4_ws/src/turtlebot4_simulator/turtlebot4_simulator -DAMENT_CMAKE_SYMLINK_INSTALL=1 -DCMAKE_INSTALL_PREFIX=/home/manar/turtlebot4_ws/install/turtlebot4_simulator
[34.739s] DEBUG:colcon.colcon_core.event_handler.log_command:Invoking command in '/home/manar/turtlebot4_ws/build/turtlebot4_simulator': CMAKE_PREFIX_PATH=/home/manar/turtlebot4_ws/install/turtlebot4_ignition_bringup:/home/manar/turtlebot4_ws/install/turtlebot4_ignition_toolbox:/home/manar/turtlebot4_ws/install/turtlebot4_ignition_gui_plugins:/home/manar/turtlebot4_ws/install/turtlebot4_simulator:/home/manar/turtlebot4_ws/install/turtlebot4_python_tutorials:/home/manar/turtlebot4_ws/install/roboflow_detection:/opt/ros/humble /usr/bin/cmake --build /home/manar/turtlebot4_ws/build/turtlebot4_simulator -- -j8 -l8
[34.781s] DEBUG:colcon.colcon_core.event_handler.log_command:Invoked command in '/home/manar/turtlebot4_ws/build/turtlebot4_simulator' returned '0': CMAKE_PREFIX_PATH=/home/manar/turtlebot4_ws/install/turtlebot4_ignition_bringup:/home/manar/turtlebot4_ws/install/turtlebot4_ignition_toolbox:/home/manar/turtlebot4_ws/install/turtlebot4_ignition_gui_plugins:/home/manar/turtlebot4_ws/install/turtlebot4_simulator:/home/manar/turtlebot4_ws/install/turtlebot4_python_tutorials:/home/manar/turtlebot4_ws/install/roboflow_detection:/opt/ros/humble /usr/bin/cmake --build /home/manar/turtlebot4_ws/build/turtlebot4_simulator -- -j8 -l8
[34.782s] DEBUG:colcon.colcon_core.event_handler.log_command:Invoking command in '/home/manar/turtlebot4_ws/build/turtlebot4_simulator': CMAKE_PREFIX_PATH=/home/manar/turtlebot4_ws/install/turtlebot4_ignition_bringup:/home/manar/turtlebot4_ws/install/turtlebot4_ignition_toolbox:/home/manar/turtlebot4_ws/install/turtlebot4_ignition_gui_plugins:/home/manar/turtlebot4_ws/install/turtlebot4_simulator:/home/manar/turtlebot4_ws/install/turtlebot4_python_tutorials:/home/manar/turtlebot4_ws/install/roboflow_detection:/opt/ros/humble /usr/bin/cmake --install /home/manar/turtlebot4_ws/build/turtlebot4_simulator
[34.969s] Level 1:colcon.colcon_core.environment:create_environment_scripts_only(turtlebot4_simulator)
[34.970s] Level 1:colcon.colcon_core.environment:checking '/home/manar/turtlebot4_ws/install/turtlebot4_simulator' for CMake module files
[34.970s] DEBUG:colcon.colcon_core.event_handler.log_command:Invoked command in '/home/manar/turtlebot4_ws/build/turtlebot4_simulator' returned '0': CMAKE_PREFIX_PATH=/home/manar/turtlebot4_ws/install/turtlebot4_ignition_bringup:/home/manar/turtlebot4_ws/install/turtlebot4_ignition_toolbox:/home/manar/turtlebot4_ws/install/turtlebot4_ignition_gui_plugins:/home/manar/turtlebot4_ws/install/turtlebot4_simulator:/home/manar/turtlebot4_ws/install/turtlebot4_python_tutorials:/home/manar/turtlebot4_ws/install/roboflow_detection:/opt/ros/humble /usr/bin/cmake --install /home/manar/turtlebot4_ws/build/turtlebot4_simulator
[34.971s] Level 1:colcon.colcon_core.environment:checking '/home/manar/turtlebot4_ws/install/turtlebot4_simulator' for CMake config files
[34.971s] Level 1:colcon.colcon_core.shell:create_environment_hook('turtlebot4_simulator', 'cmake_prefix_path')
[34.971s] INFO:colcon.colcon_core.shell:Creating environment hook '/home/manar/turtlebot4_ws/install/turtlebot4_simulator/share/turtlebot4_simulator/hook/cmake_prefix_path.ps1'
[34.972s] INFO:colcon.colcon_core.shell:Creating environment descriptor '/home/manar/turtlebot4_ws/install/turtlebot4_simulator/share/turtlebot4_simulator/hook/cmake_prefix_path.dsv'
[34.972s] INFO:colcon.colcon_core.shell:Creating environment hook '/home/manar/turtlebot4_ws/install/turtlebot4_simulator/share/turtlebot4_simulator/hook/cmake_prefix_path.sh'
[34.973s] Level 1:colcon.colcon_core.environment:checking '/home/manar/turtlebot4_ws/install/turtlebot4_simulator/bin'
[34.974s] Level 1:colcon.colcon_core.environment:checking '/home/manar/turtlebot4_ws/install/turtlebot4_simulator/lib/pkgconfig/turtlebot4_simulator.pc'
[34.974s] Level 1:colcon.colcon_core.environment:checking '/home/manar/turtlebot4_ws/install/turtlebot4_simulator/lib/python3.10/site-packages'
[34.974s] Level 1:colcon.colcon_core.environment:checking '/home/manar/turtlebot4_ws/install/turtlebot4_simulator/bin'
[34.975s] INFO:colcon.colcon_core.shell:Creating package script '/home/manar/turtlebot4_ws/install/turtlebot4_simulator/share/turtlebot4_simulator/package.ps1'
[34.976s] INFO:colcon.colcon_core.shell:Creating package descriptor '/home/manar/turtlebot4_ws/install/turtlebot4_simulator/share/turtlebot4_simulator/package.dsv'
[34.976s] INFO:colcon.colcon_core.shell:Creating package script '/home/manar/turtlebot4_ws/install/turtlebot4_simulator/share/turtlebot4_simulator/package.sh'
[34.977s] INFO:colcon.colcon_core.shell:Creating package script '/home/manar/turtlebot4_ws/install/turtlebot4_simulator/share/turtlebot4_simulator/package.bash'
[34.978s] INFO:colcon.colcon_core.shell:Creating package script '/home/manar/turtlebot4_ws/install/turtlebot4_simulator/share/turtlebot4_simulator/package.zsh'
[34.978s] Level 1:colcon.colcon_core.environment:create_file_with_runtime_dependencies(/home/manar/turtlebot4_ws/install/turtlebot4_simulator/share/colcon-core/packages/turtlebot4_simulator)
[34.979s] Level 1:colcon.colcon_core.environment:create_environment_scripts_only(turtlebot4_simulator)
[34.979s] Level 1:colcon.colcon_core.environment:checking '/home/manar/turtlebot4_ws/install/turtlebot4_simulator' for CMake module files
[34.980s] Level 1:colcon.colcon_core.environment:checking '/home/manar/turtlebot4_ws/install/turtlebot4_simulator' for CMake config files
[34.981s] Level 1:colcon.colcon_core.shell:create_environment_hook('turtlebot4_simulator', 'cmake_prefix_path')
[34.982s] INFO:colcon.colcon_core.shell:Creating environment hook '/home/manar/turtlebot4_ws/install/turtlebot4_simulator/share/turtlebot4_simulator/hook/cmake_prefix_path.ps1'
[34.983s] INFO:colcon.colcon_core.shell:Creating environment descriptor '/home/manar/turtlebot4_ws/install/turtlebot4_simulator/share/turtlebot4_simulator/hook/cmake_prefix_path.dsv'
[34.984s] INFO:colcon.colcon_core.shell:Creating environment hook '/home/manar/turtlebot4_ws/install/turtlebot4_simulator/share/turtlebot4_simulator/hook/cmake_prefix_path.sh'
[34.986s] Level 1:colcon.colcon_core.environment:checking '/home/manar/turtlebot4_ws/install/turtlebot4_simulator/bin'
[34.986s] Level 1:colcon.colcon_core.environment:checking '/home/manar/turtlebot4_ws/install/turtlebot4_simulator/lib/pkgconfig/turtlebot4_simulator.pc'
[34.987s] Level 1:colcon.colcon_core.environment:checking '/home/manar/turtlebot4_ws/install/turtlebot4_simulator/lib/python3.10/site-packages'
[34.987s] Level 1:colcon.colcon_core.environment:checking '/home/manar/turtlebot4_ws/install/turtlebot4_simulator/bin'
[34.988s] INFO:colcon.colcon_core.shell:Creating package script '/home/manar/turtlebot4_ws/install/turtlebot4_simulator/share/turtlebot4_simulator/package.ps1'
[34.989s] INFO:colcon.colcon_core.shell:Creating package descriptor '/home/manar/turtlebot4_ws/install/turtlebot4_simulator/share/turtlebot4_simulator/package.dsv'
[34.990s] INFO:colcon.colcon_core.shell:Creating package script '/home/manar/turtlebot4_ws/install/turtlebot4_simulator/share/turtlebot4_simulator/package.sh'
[34.990s] INFO:colcon.colcon_core.shell:Creating package script '/home/manar/turtlebot4_ws/install/turtlebot4_simulator/share/turtlebot4_simulator/package.bash'
[34.991s] INFO:colcon.colcon_core.shell:Creating package script '/home/manar/turtlebot4_ws/install/turtlebot4_simulator/share/turtlebot4_simulator/package.zsh'
[34.991s] Level 1:colcon.colcon_core.environment:create_file_with_runtime_dependencies(/home/manar/turtlebot4_ws/install/turtlebot4_simulator/share/colcon-core/packages/turtlebot4_simulator)
[34.992s] DEBUG:colcon.colcon_parallel_executor.executor.parallel:closing loop
[34.992s] DEBUG:colcon.colcon_parallel_executor.executor.parallel:loop closed
[34.992s] DEBUG:colcon.colcon_parallel_executor.executor.parallel:run_until_complete finished with '0'
[34.992s] DEBUG:colcon.colcon_core.event_reactor:joining thread
[35.004s] INFO:colcon.colcon_core.plugin_system:Skipping extension 'colcon_notification.desktop_notification.terminal_notifier': Not used on non-Darwin systems
[35.004s] INFO:colcon.colcon_core.plugin_system:Skipping extension 'colcon_notification.desktop_notification.win32': Not used on non-Windows systems
[35.004s] INFO:colcon.colcon_notification.desktop_notification:Sending desktop notification using 'notify2'
[35.018s] DEBUG:colcon.colcon_core.event_reactor:joined thread
[35.019s] INFO:colcon.colcon_core.shell:Creating prefix script '/home/manar/turtlebot4_ws/install/local_setup.ps1'
[35.020s] INFO:colcon.colcon_core.shell:Creating prefix util module '/home/manar/turtlebot4_ws/install/_local_setup_util_ps1.py'
[35.022s] INFO:colcon.colcon_core.shell:Creating prefix chain script '/home/manar/turtlebot4_ws/install/setup.ps1'
[35.026s] INFO:colcon.colcon_core.shell:Creating prefix script '/home/manar/turtlebot4_ws/install/local_setup.sh'
[35.026s] INFO:colcon.colcon_core.shell:Creating prefix util module '/home/manar/turtlebot4_ws/install/_local_setup_util_sh.py'
[35.027s] INFO:colcon.colcon_core.shell:Creating prefix chain script '/home/manar/turtlebot4_ws/install/setup.sh'
[35.029s] INFO:colcon.colcon_core.shell:Creating prefix script '/home/manar/turtlebot4_ws/install/local_setup.bash'
[35.030s] INFO:colcon.colcon_core.shell:Creating prefix chain script '/home/manar/turtlebot4_ws/install/setup.bash'
[35.031s] INFO:colcon.colcon_core.shell:Creating prefix script '/home/manar/turtlebot4_ws/install/local_setup.zsh'
[35.032s] INFO:colcon.colcon_core.shell:Creating prefix chain script '/home/manar/turtlebot4_ws/install/setup.zsh'
