[0.006s] Invoking command in '/home/manar/turtlebot4_ws/src/build/turtlebot4_simulator': AMENT_PREFIX_PATH=/home/manar/turtlebot4_ws/src/install/turtlebot4_ignition_bringup:/home/manar/turtlebot4_ws/src/install/turtlebot4_ignition_toolbox:/home/manar/turtlebot4_ws/src/install/turtlebot4_ignition_gui_plugins:${AMENT_PREFIX_PATH} CMAKE_PREFIX_PATH=/home/manar/turtlebot4_ws/src/install/turtlebot4_ignition_bringup:/home/manar/turtlebot4_ws/src/install/turtlebot4_ignition_toolbox:/home/manar/turtlebot4_ws/src/install/turtlebot4_ignition_gui_plugins:/opt/ros/humble /usr/bin/cmake /home/manar/turtlebot4_ws/src/turtlebot4_simulator/turtlebot4_simulator -DCMAKE_INSTALL_PREFIX=/home/manar/turtlebot4_ws/src/install/turtlebot4_simulator
[0.041s] -- The C compiler identification is GNU 11.4.0
[0.085s] -- The CXX compiler identification is GNU 11.4.0
[0.089s] -- Detecting C compiler ABI info
[0.136s] -- Detecting C compiler ABI info - done
[0.143s] -- Check for working C compiler: /usr/bin/cc - skipped
[0.143s] -- Detecting C compile features
[0.143s] -- Detecting C compile features - done
[0.146s] -- Detecting CXX compiler ABI info
[0.200s] -- Detecting CXX compiler ABI info - done
[0.206s] -- Check for working CXX compiler: /usr/bin/c++ - skipped
[0.206s] -- Detecting CXX compile features
[0.206s] -- Detecting CXX compile features - done
[0.208s] -- Found ament_cmake: 1.3.11 (/opt/ros/humble/share/ament_cmake/cmake)
[0.299s] -- Found Python3: /usr/bin/python3 (found version "3.10.12") found components: Interpreter 
[0.399s] -- Configuring done
[0.401s] -- Generating done
[0.402s] -- Build files have been written to: /home/manar/turtlebot4_ws/src/build/turtlebot4_simulator
[0.405s] Invoked command in '/home/manar/turtlebot4_ws/src/build/turtlebot4_simulator' returned '0': AMENT_PREFIX_PATH=/home/manar/turtlebot4_ws/src/install/turtlebot4_ignition_bringup:/home/manar/turtlebot4_ws/src/install/turtlebot4_ignition_toolbox:/home/manar/turtlebot4_ws/src/install/turtlebot4_ignition_gui_plugins:${AMENT_PREFIX_PATH} CMAKE_PREFIX_PATH=/home/manar/turtlebot4_ws/src/install/turtlebot4_ignition_bringup:/home/manar/turtlebot4_ws/src/install/turtlebot4_ignition_toolbox:/home/manar/turtlebot4_ws/src/install/turtlebot4_ignition_gui_plugins:/opt/ros/humble /usr/bin/cmake /home/manar/turtlebot4_ws/src/turtlebot4_simulator/turtlebot4_simulator -DCMAKE_INSTALL_PREFIX=/home/manar/turtlebot4_ws/src/install/turtlebot4_simulator
[0.406s] Invoking command in '/home/manar/turtlebot4_ws/src/build/turtlebot4_simulator': AMENT_PREFIX_PATH=/home/manar/turtlebot4_ws/src/install/turtlebot4_ignition_bringup:/home/manar/turtlebot4_ws/src/install/turtlebot4_ignition_toolbox:/home/manar/turtlebot4_ws/src/install/turtlebot4_ignition_gui_plugins:${AMENT_PREFIX_PATH} CMAKE_PREFIX_PATH=/home/manar/turtlebot4_ws/src/install/turtlebot4_ignition_bringup:/home/manar/turtlebot4_ws/src/install/turtlebot4_ignition_toolbox:/home/manar/turtlebot4_ws/src/install/turtlebot4_ignition_gui_plugins:/opt/ros/humble /usr/bin/cmake --build /home/manar/turtlebot4_ws/src/build/turtlebot4_simulator -- -j8 -l8
[0.430s] Invoked command in '/home/manar/turtlebot4_ws/src/build/turtlebot4_simulator' returned '0': AMENT_PREFIX_PATH=/home/manar/turtlebot4_ws/src/install/turtlebot4_ignition_bringup:/home/manar/turtlebot4_ws/src/install/turtlebot4_ignition_toolbox:/home/manar/turtlebot4_ws/src/install/turtlebot4_ignition_gui_plugins:${AMENT_PREFIX_PATH} CMAKE_PREFIX_PATH=/home/manar/turtlebot4_ws/src/install/turtlebot4_ignition_bringup:/home/manar/turtlebot4_ws/src/install/turtlebot4_ignition_toolbox:/home/manar/turtlebot4_ws/src/install/turtlebot4_ignition_gui_plugins:/opt/ros/humble /usr/bin/cmake --build /home/manar/turtlebot4_ws/src/build/turtlebot4_simulator -- -j8 -l8
[0.430s] Invoking command in '/home/manar/turtlebot4_ws/src/build/turtlebot4_simulator': AMENT_PREFIX_PATH=/home/manar/turtlebot4_ws/src/install/turtlebot4_ignition_bringup:/home/manar/turtlebot4_ws/src/install/turtlebot4_ignition_toolbox:/home/manar/turtlebot4_ws/src/install/turtlebot4_ignition_gui_plugins:${AMENT_PREFIX_PATH} CMAKE_PREFIX_PATH=/home/manar/turtlebot4_ws/src/install/turtlebot4_ignition_bringup:/home/manar/turtlebot4_ws/src/install/turtlebot4_ignition_toolbox:/home/manar/turtlebot4_ws/src/install/turtlebot4_ignition_gui_plugins:/opt/ros/humble /usr/bin/cmake --install /home/manar/turtlebot4_ws/src/build/turtlebot4_simulator
[0.435s] -- Install configuration: ""
[0.435s] -- Installing: /home/manar/turtlebot4_ws/src/install/turtlebot4_simulator/share/ament_index/resource_index/package_run_dependencies/turtlebot4_simulator
[0.435s] -- Installing: /home/manar/turtlebot4_ws/src/install/turtlebot4_simulator/share/ament_index/resource_index/parent_prefix_path/turtlebot4_simulator
[0.435s] -- Installing: /home/manar/turtlebot4_ws/src/install/turtlebot4_simulator/share/turtlebot4_simulator/environment/ament_prefix_path.sh
[0.435s] -- Installing: /home/manar/turtlebot4_ws/src/install/turtlebot4_simulator/share/turtlebot4_simulator/environment/ament_prefix_path.dsv
[0.435s] -- Installing: /home/manar/turtlebot4_ws/src/install/turtlebot4_simulator/share/turtlebot4_simulator/environment/path.sh
[0.435s] -- Installing: /home/manar/turtlebot4_ws/src/install/turtlebot4_simulator/share/turtlebot4_simulator/environment/path.dsv
[0.435s] -- Installing: /home/manar/turtlebot4_ws/src/install/turtlebot4_simulator/share/turtlebot4_simulator/local_setup.bash
[0.435s] -- Installing: /home/manar/turtlebot4_ws/src/install/turtlebot4_simulator/share/turtlebot4_simulator/local_setup.sh
[0.435s] -- Installing: /home/manar/turtlebot4_ws/src/install/turtlebot4_simulator/share/turtlebot4_simulator/local_setup.zsh
[0.436s] -- Installing: /home/manar/turtlebot4_ws/src/install/turtlebot4_simulator/share/turtlebot4_simulator/local_setup.dsv
[0.436s] -- Installing: /home/manar/turtlebot4_ws/src/install/turtlebot4_simulator/share/turtlebot4_simulator/package.dsv
[0.436s] -- Installing: /home/manar/turtlebot4_ws/src/install/turtlebot4_simulator/share/ament_index/resource_index/packages/turtlebot4_simulator
[0.436s] -- Installing: /home/manar/turtlebot4_ws/src/install/turtlebot4_simulator/share/turtlebot4_simulator/cmake/turtlebot4_simulatorConfig.cmake
[0.436s] -- Installing: /home/manar/turtlebot4_ws/src/install/turtlebot4_simulator/share/turtlebot4_simulator/cmake/turtlebot4_simulatorConfig-version.cmake
[0.436s] -- Installing: /home/manar/turtlebot4_ws/src/install/turtlebot4_simulator/share/turtlebot4_simulator/package.xml
[0.437s] Invoked command in '/home/manar/turtlebot4_ws/src/build/turtlebot4_simulator' returned '0': AMENT_PREFIX_PATH=/home/manar/turtlebot4_ws/src/install/turtlebot4_ignition_bringup:/home/manar/turtlebot4_ws/src/install/turtlebot4_ignition_toolbox:/home/manar/turtlebot4_ws/src/install/turtlebot4_ignition_gui_plugins:${AMENT_PREFIX_PATH} CMAKE_PREFIX_PATH=/home/manar/turtlebot4_ws/src/install/turtlebot4_ignition_bringup:/home/manar/turtlebot4_ws/src/install/turtlebot4_ignition_toolbox:/home/manar/turtlebot4_ws/src/install/turtlebot4_ignition_gui_plugins:/opt/ros/humble /usr/bin/cmake --install /home/manar/turtlebot4_ws/src/build/turtlebot4_simulator
