[0.032s] Invoking command in '/home/manar/turtlebot4_ws/build/turtlebot4_ignition_toolbox': CMAKE_PREFIX_PATH=${CMAKE_PREFIX_PATH}:/home/manar/turtlebot4_ws/install/turtlebot4_python_tutorials:/home/manar/turtlebot4_ws/install/roboflow_detection:/opt/ros/humble /usr/bin/cmake /home/manar/turtlebot4_ws/src/turtlebot4_simulator/turtlebot4_ignition_toolbox -DAMENT_CMAKE_SYMLINK_INSTALL=1 -DCMAKE_INSTALL_PREFIX=/home/manar/turtlebot4_ws/install/turtlebot4_ignition_toolbox
[0.538s] -- The C compiler identification is GNU 11.4.0
[0.538s] -- The CXX compiler identification is GNU 11.4.0
[0.538s] -- Detecting C compiler ABI info
[0.538s] -- Detecting C compiler ABI info - done
[0.538s] -- Check for working C compiler: /usr/bin/cc - skipped
[0.538s] -- Detecting C compile features
[0.538s] -- Detecting C compile features - done
[0.539s] -- Detecting CXX compiler ABI info
[0.539s] -- Detecting CXX compiler ABI info - done
[0.541s] -- Check for working CXX compiler: /usr/bin/c++ - skipped
[0.541s] -- Detecting CXX compile features
[0.541s] -- Detecting CXX compile features - done
[0.541s] -- Found ament_cmake: 1.3.11 (/opt/ros/humble/share/ament_cmake/cmake)
[0.807s] -- Found Python3: /usr/bin/python3 (found version "3.10.12") found components: Interpreter 
[0.933s] -- Override CMake install command with custom implementation using symlinks instead of copying resources
[0.978s] -- Found rclcpp: 16.0.11 (/opt/ros/humble/share/rclcpp/cmake)
[1.061s] -- Found rosidl_generator_c: 3.1.6 (/opt/ros/humble/share/rosidl_generator_c/cmake)
[1.070s] -- Found rosidl_adapter: 3.1.6 (/opt/ros/humble/share/rosidl_adapter/cmake)
[1.081s] -- Found rosidl_generator_cpp: 3.1.6 (/opt/ros/humble/share/rosidl_generator_cpp/cmake)
[1.100s] -- Using all available rosidl_typesupport_c: rosidl_typesupport_fastrtps_c;rosidl_typesupport_introspection_c
[1.129s] -- Using all available rosidl_typesupport_cpp: rosidl_typesupport_fastrtps_cpp;rosidl_typesupport_introspection_cpp
[1.199s] -- Found rmw_implementation_cmake: 6.1.2 (/opt/ros/humble/share/rmw_implementation_cmake/cmake)
[1.203s] -- Found rmw_fastrtps_cpp: 6.2.7 (/opt/ros/humble/share/rmw_fastrtps_cpp/cmake)
[1.385s] -- Found OpenSSL: /usr/lib/x86_64-linux-gnu/libcrypto.so (found version "3.0.2")  
[1.438s] -- Found FastRTPS: /opt/ros/humble/include  
[1.519s] -- Using RMW implementation 'rmw_fastrtps_cpp' as default
[1.538s] -- Looking for pthread.h
[1.695s] -- Looking for pthread.h - found
[1.696s] -- Performing Test CMAKE_HAVE_LIBC_PTHREAD
[1.832s] -- Performing Test CMAKE_HAVE_LIBC_PTHREAD - Success
[1.833s] -- Found Threads: TRUE  
[1.984s] -- Found rclcpp_action: 16.0.11 (/opt/ros/humble/share/rclcpp_action/cmake)
[2.048s] -- Found sensor_msgs: 4.2.4 (/opt/ros/humble/share/sensor_msgs/cmake)
[2.101s] -- Found turtlebot4_msgs: 1.0.5 (/opt/ros/humble/share/turtlebot4_msgs/cmake)
[2.128s] -- Found ament_lint_auto: 0.12.11 (/opt/ros/humble/share/ament_lint_auto/cmake)
[2.323s] -- Added test 'cppcheck' to perform static code analysis on C / C++ code
[2.324s] -- Configured cppcheck include dirs: /home/manar/turtlebot4_ws/src/turtlebot4_simulator/turtlebot4_ignition_toolbox/include
[2.324s] -- Configured cppcheck exclude dirs and/or files: 
[2.324s] -- Added test 'cpplint' to check C / C++ code against the Google style
[2.324s] -- Configured cpplint exclude dirs and/or files: 
[2.324s] -- Added test 'lint_cmake' to check CMake code style
[2.324s] -- Added test 'uncrustify' to check C / C++ code style
[2.324s] -- Configured uncrustify additional arguments: 
[2.324s] -- Added test 'xmllint' to check XML markup files
[2.333s] -- Configuring done
[2.373s] -- Generating done
[2.390s] -- Build files have been written to: /home/manar/turtlebot4_ws/build/turtlebot4_ignition_toolbox
[2.421s] Invoked command in '/home/manar/turtlebot4_ws/build/turtlebot4_ignition_toolbox' returned '0': CMAKE_PREFIX_PATH=${CMAKE_PREFIX_PATH}:/home/manar/turtlebot4_ws/install/turtlebot4_python_tutorials:/home/manar/turtlebot4_ws/install/roboflow_detection:/opt/ros/humble /usr/bin/cmake /home/manar/turtlebot4_ws/src/turtlebot4_simulator/turtlebot4_ignition_toolbox -DAMENT_CMAKE_SYMLINK_INSTALL=1 -DCMAKE_INSTALL_PREFIX=/home/manar/turtlebot4_ws/install/turtlebot4_ignition_toolbox
[2.432s] Invoking command in '/home/manar/turtlebot4_ws/build/turtlebot4_ignition_toolbox': CMAKE_PREFIX_PATH=${CMAKE_PREFIX_PATH}:/home/manar/turtlebot4_ws/install/turtlebot4_python_tutorials:/home/manar/turtlebot4_ws/install/roboflow_detection:/opt/ros/humble /usr/bin/cmake --build /home/manar/turtlebot4_ws/build/turtlebot4_ignition_toolbox -- -j8 -l8
[2.549s] [ 20%] [32mBuilding CXX object CMakeFiles/turtlebot4_ignition_toolbox_lib.dir/src/hmi_main.cpp.o[0m
[8.084s] [ 40%] [32mBuilding CXX object CMakeFiles/turtlebot4_ignition_toolbox_lib.dir/src/hmi_node.cpp.o[0m
[26.040s] [ 60%] [32m[1mLinking CXX static library libturtlebot4_ignition_toolbox_lib.a[0m
[26.343s] [ 60%] Built target turtlebot4_ignition_toolbox_lib
[26.380s] [ 80%] [32mBuilding CXX object CMakeFiles/turtlebot4_ignition_hmi_node.dir/src/hmi_main.cpp.o[0m
[30.647s] [100%] [32m[1mLinking CXX executable turtlebot4_ignition_hmi_node[0m
[31.613s] [100%] Built target turtlebot4_ignition_hmi_node
[31.626s] Invoked command in '/home/manar/turtlebot4_ws/build/turtlebot4_ignition_toolbox' returned '0': CMAKE_PREFIX_PATH=${CMAKE_PREFIX_PATH}:/home/manar/turtlebot4_ws/install/turtlebot4_python_tutorials:/home/manar/turtlebot4_ws/install/roboflow_detection:/opt/ros/humble /usr/bin/cmake --build /home/manar/turtlebot4_ws/build/turtlebot4_ignition_toolbox -- -j8 -l8
[31.629s] Invoking command in '/home/manar/turtlebot4_ws/build/turtlebot4_ignition_toolbox': CMAKE_PREFIX_PATH=${CMAKE_PREFIX_PATH}:/home/manar/turtlebot4_ws/install/turtlebot4_python_tutorials:/home/manar/turtlebot4_ws/install/roboflow_detection:/opt/ros/humble /usr/bin/cmake --install /home/manar/turtlebot4_ws/build/turtlebot4_ignition_toolbox
[31.638s] -- Install configuration: ""
[31.638s] -- Execute custom install script
[31.639s] -- Symlinking: /home/manar/turtlebot4_ws/install/turtlebot4_ignition_toolbox/lib/turtlebot4_ignition_toolbox/turtlebot4_ignition_hmi_node
[31.649s] -- Symlinking: /home/manar/turtlebot4_ws/install/turtlebot4_ignition_toolbox/share/ament_index/resource_index/package_run_dependencies/turtlebot4_ignition_toolbox
[31.660s] -- Symlinking: /home/manar/turtlebot4_ws/install/turtlebot4_ignition_toolbox/share/ament_index/resource_index/parent_prefix_path/turtlebot4_ignition_toolbox
[31.671s] -- Symlinking: /home/manar/turtlebot4_ws/install/turtlebot4_ignition_toolbox/share/turtlebot4_ignition_toolbox/environment/ament_prefix_path.sh
[31.682s] -- Symlinking: /home/manar/turtlebot4_ws/install/turtlebot4_ignition_toolbox/share/turtlebot4_ignition_toolbox/environment/ament_prefix_path.dsv
[31.694s] -- Symlinking: /home/manar/turtlebot4_ws/install/turtlebot4_ignition_toolbox/share/turtlebot4_ignition_toolbox/environment/path.sh
[31.705s] -- Symlinking: /home/manar/turtlebot4_ws/install/turtlebot4_ignition_toolbox/share/turtlebot4_ignition_toolbox/environment/path.dsv
[31.716s] -- Symlinking: /home/manar/turtlebot4_ws/install/turtlebot4_ignition_toolbox/share/turtlebot4_ignition_toolbox/local_setup.bash
[31.725s] -- Symlinking: /home/manar/turtlebot4_ws/install/turtlebot4_ignition_toolbox/share/turtlebot4_ignition_toolbox/local_setup.sh
[31.738s] -- Symlinking: /home/manar/turtlebot4_ws/install/turtlebot4_ignition_toolbox/share/turtlebot4_ignition_toolbox/local_setup.zsh
[31.749s] -- Symlinking: /home/manar/turtlebot4_ws/install/turtlebot4_ignition_toolbox/share/turtlebot4_ignition_toolbox/local_setup.dsv
[31.760s] -- Symlinking: /home/manar/turtlebot4_ws/install/turtlebot4_ignition_toolbox/share/turtlebot4_ignition_toolbox/package.dsv
[31.772s] -- Symlinking: /home/manar/turtlebot4_ws/install/turtlebot4_ignition_toolbox/share/ament_index/resource_index/packages/turtlebot4_ignition_toolbox
[31.784s] -- Symlinking: /home/manar/turtlebot4_ws/install/turtlebot4_ignition_toolbox/share/turtlebot4_ignition_toolbox/cmake/ament_cmake_export_include_directories-extras.cmake
[31.796s] -- Symlinking: /home/manar/turtlebot4_ws/install/turtlebot4_ignition_toolbox/share/turtlebot4_ignition_toolbox/cmake/turtlebot4_ignition_toolboxConfig.cmake
[31.807s] -- Symlinking: /home/manar/turtlebot4_ws/install/turtlebot4_ignition_toolbox/share/turtlebot4_ignition_toolbox/cmake/turtlebot4_ignition_toolboxConfig-version.cmake
[31.817s] -- Symlinking: /home/manar/turtlebot4_ws/install/turtlebot4_ignition_toolbox/share/turtlebot4_ignition_toolbox/package.xml
[31.830s] Invoked command in '/home/manar/turtlebot4_ws/build/turtlebot4_ignition_toolbox' returned '0': CMAKE_PREFIX_PATH=${CMAKE_PREFIX_PATH}:/home/manar/turtlebot4_ws/install/turtlebot4_python_tutorials:/home/manar/turtlebot4_ws/install/roboflow_detection:/opt/ros/humble /usr/bin/cmake --install /home/manar/turtlebot4_ws/build/turtlebot4_ignition_toolbox
